#
# There is insufficient memory for the Java Runtime Environment to continue.
# Native memory allocation (malloc) failed to allocate 1483296 bytes for Chunk::new
# Possible reasons:
#   The system is out of physical RAM or swap space
#   The process is running with CompressedOops enabled, and the Java Heap may be blocking the growth of the native heap
# Possible solutions:
#   Reduce memory load on the system
#   Increase physical memory or swap space
#   Check if swap backing store is full
#   Decrease Java heap size (-Xmx/-Xms)
#   Decrease number of Java threads
#   Decrease Java thread stack sizes (-Xss)
#   Set larger code cache with -XX:ReservedCodeCacheSize=
#   JVM is running with Zero Based Compressed Oops mode in which the Java heap is
#     placed in the first 32GB address space. The Java Heap base address is the
#     maximum limit for the native heap growth. Please use -XX:HeapBaseMinAddress
#     to set the Java Heap base and to place the Java Heap above 32GB virtual address.
# This output file may be truncated or incomplete.
#
#  Out of Memory Error (arena.cpp:189), pid=9376, tid=12228
#
# JRE version: Java(TM) SE Runtime Environment (17.0.15+9) (build 17.0.15+9-LTS-241)
# Java VM: Java HotSpot(TM) 64-Bit Server VM (17.0.15+9-LTS-241, mixed mode, sharing, tiered, compressed oops, compressed class ptrs, g1 gc, windows-amd64)
# No core dump will be written. Minidumps are not enabled by default on client versions of Windows
#

---------------  S U M M A R Y ------------

Command Line: org.jetbrains.kotlin.cli.jvm.K2JVMCompiler @C:\Devtools\My_Flutter_Projects\flutter\packages\flutter_tools\gradle\build\20260227_9166704752154434476.compiler.options

Host: Intel(R) Core(TM) i5-8250U CPU @ 1.60GHz, 8 cores, 15G,  Windows 11 , 64 bit Build 26100 (10.0.26100.7705)
Time: Fri Feb 27 01:15:24 2026 Greenwich Standard Time elapsed time: 30.000958 seconds (0d 0h 0m 30s)

---------------  T H R E A D  ---------------

Current thread (0x000001f134b86fb0):  JavaThread "C2 CompilerThread0" daemon [_thread_in_native, id=12228, stack(0x00000087a7f00000,0x00000087a8000000)]


Current CompileTask:
C2:  30001 12532       4       jdk.internal.org.objectweb.asm.Frame::execute (2305 bytes)

Stack: [0x00000087a7f00000,0x00000087a8000000]
Native frames: (J=compiled Java code, j=interpreted, Vv=VM code, C=native code)
V  [jvm.dll+0x67a46a]
V  [jvm.dll+0x7da6ad]
V  [jvm.dll+0x7dbff3]
V  [jvm.dll+0x7dc663]
V  [jvm.dll+0x24523f]
V  [jvm.dll+0xab763]
V  [jvm.dll+0xabd2c]
V  [jvm.dll+0x2aa6df]
V  [jvm.dll+0x5822c9]
V  [jvm.dll+0x21f5d2]
V  [jvm.dll+0x21f9cf]
V  [jvm.dll+0x218c50]
V  [jvm.dll+0x215d15]
V  [jvm.dll+0x1a2a00]
V  [jvm.dll+0x2262bb]
V  [jvm.dll+0x22445b]
V  [jvm.dll+0x790acc]
V  [jvm.dll+0x78b0ba]
V  [jvm.dll+0x679355]
C  [ucrtbase.dll+0x37b0]
C  [KERNEL32.DLL+0x2e8d7]
C  [ntdll.dll+0x8c40c]


---------------  P R O C E S S  ---------------

Threads class SMR info:
_java_thread_list=0x000001f17ddf5190, length=14, elements={
0x000001f10fd12750, 0x000001f134a501c0, 0x000001f134a514f0, 0x000001f134a6b660,
0x000001f134a6db40, 0x000001f134b80080, 0x000001f134b850d0, 0x000001f134b86fb0,
0x000001f134b9bbd0, 0x000001f134b9c1d0, 0x000001f134ccbe50, 0x000001f134cdb810,
0x000001f17bead100, 0x000001f17d99ab50
}

Java Threads: ( => current thread )
  0x000001f10fd12750 JavaThread "main" [_thread_in_vm, id=17312, stack(0x00000087a7200000,0x00000087a7300000)]
  0x000001f134a501c0 JavaThread "Reference Handler" daemon [_thread_blocked, id=21560, stack(0x00000087a7900000,0x00000087a7a00000)]
  0x000001f134a514f0 JavaThread "Finalizer" daemon [_thread_blocked, id=7516, stack(0x00000087a7a00000,0x00000087a7b00000)]
  0x000001f134a6b660 JavaThread "Signal Dispatcher" daemon [_thread_blocked, id=16320, stack(0x00000087a7b00000,0x00000087a7c00000)]
  0x000001f134a6db40 JavaThread "Attach Listener" daemon [_thread_blocked, id=21280, stack(0x00000087a7c00000,0x00000087a7d00000)]
  0x000001f134b80080 JavaThread "Service Thread" daemon [_thread_blocked, id=23156, stack(0x00000087a7d00000,0x00000087a7e00000)]
  0x000001f134b850d0 JavaThread "Monitor Deflation Thread" daemon [_thread_blocked, id=14316, stack(0x00000087a7e00000,0x00000087a7f00000)]
=>0x000001f134b86fb0 JavaThread "C2 CompilerThread0" daemon [_thread_in_native, id=12228, stack(0x00000087a7f00000,0x00000087a8000000)]
  0x000001f134b9bbd0 JavaThread "C1 CompilerThread0" daemon [_thread_in_native, id=3188, stack(0x00000087a8000000,0x00000087a8100000)]
  0x000001f134b9c1d0 JavaThread "Sweeper thread" daemon [_thread_blocked, id=12548, stack(0x00000087a8100000,0x00000087a8200000)]
  0x000001f134ccbe50 JavaThread "Notification Thread" daemon [_thread_blocked, id=16820, stack(0x00000087a8200000,0x00000087a8300000)]
  0x000001f134cdb810 JavaThread "Common-Cleaner" daemon [_thread_blocked, id=24664, stack(0x00000087a8400000,0x00000087a8500000)]
  0x000001f17bead100 JavaThread "C2 CompilerThread1" daemon [_thread_in_vm, id=7072, stack(0x00000087a8a00000,0x00000087a8b00000)]
  0x000001f17d99ab50 JavaThread "C2 CompilerThread2" daemon [_thread_in_native, id=680, stack(0x00000087a8d00000,0x00000087a8e00000)]

Other Threads:
  0x000001f134a4bbb0 VMThread "VM Thread" [stack: 0x00000087a7800000,0x00000087a7900000] [id=16212]
  0x000001f134cd8b50 WatcherThread [stack: 0x00000087a8300000,0x00000087a8400000] [id=18796]
  0x000001f10fd806d0 GCTaskThread "GC Thread#0" [stack: 0x00000087a7300000,0x00000087a7400000] [id=16520]
  0x000001f17a146cb0 GCTaskThread "GC Thread#1" [stack: 0x00000087a8500000,0x00000087a8600000] [id=20564]
  0x000001f17a1474f0 GCTaskThread "GC Thread#2" [stack: 0x00000087a8600000,0x00000087a8700000] [id=22048]
  0x000001f17a147d30 GCTaskThread "GC Thread#3" [stack: 0x00000087a8700000,0x00000087a8800000] [id=15764]
  0x000001f17a147ff0 GCTaskThread "GC Thread#4" [stack: 0x00000087a8800000,0x00000087a8900000] [id=15028]
  0x000001f17a148830 GCTaskThread "GC Thread#5" [stack: 0x00000087a8900000,0x00000087a8a00000] [id=3000]
  0x000001f17a148570 GCTaskThread "GC Thread#6" [stack: 0x00000087a8b00000,0x00000087a8c00000] [id=11784]
  0x000001f17a146f70 GCTaskThread "GC Thread#7" [stack: 0x00000087a8c00000,0x00000087a8d00000] [id=17724]
  0x000001f10fd91580 ConcurrentGCThread "G1 Main Marker" [stack: 0x00000087a7400000,0x00000087a7500000] [id=24064]
  0x000001f10fd92b00 ConcurrentGCThread "G1 Conc#0" [stack: 0x00000087a7500000,0x00000087a7600000] [id=1112]
  0x000001f17bd9c1a0 ConcurrentGCThread "G1 Conc#1" [stack: 0x00000087a8e00000,0x00000087a8f00000] [id=6132]
  0x000001f10fdde940 ConcurrentGCThread "G1 Refine#0" [stack: 0x00000087a7600000,0x00000087a7700000] [id=20188]
  0x000001f17d4b6a20 ConcurrentGCThread "G1 Refine#1" [stack: 0x00000087a8f00000,0x00000087a9000000] [id=19516]
  0x000001f17d4b6d10 ConcurrentGCThread "G1 Refine#2" [stack: 0x00000087a9000000,0x00000087a9100000] [id=20200]
  0x000001f17d4b6730 ConcurrentGCThread "G1 Refine#3" [stack: 0x00000087a9100000,0x00000087a9200000] [id=21140]
  0x000001f1349040f0 ConcurrentGCThread "G1 Service" [stack: 0x00000087a7700000,0x00000087a7800000] [id=3840]

Threads with active compile tasks:
C2 CompilerThread0    30055 12532       4       jdk.internal.org.objectweb.asm.Frame::execute (2305 bytes)
C1 CompilerThread0    30055 12863       3       java.lang.invoke.MethodHandles$Lookup::defineHiddenClass (69 bytes)
C2 CompilerThread1    30055 12764       4       org.jetbrains.kotlin.types.KotlinType::equals (56 bytes)
C2 CompilerThread2    30055 12774       4       org.jetbrains.kotlin.types.checker.StrictEqualityTypeChecker::strictEqualTypes (33 bytes)

VM state: not at safepoint (normal execution)

VM Mutex/Monitor currently owned by a thread:  ([mutex/lock_event])
[0x000001f10fd0f380] CodeCache_lock - owner thread: 0x0000000000000000

Heap address: 0x0000000702000000, size: 4064 MB, Compressed Oops mode: Zero based, Oop shift amount: 3

CDS archive(s) mapped at: [0x000001f135000000-0x000001f135bd0000-0x000001f135bd0000), size 12386304, SharedBaseAddress: 0x000001f135000000, ArchiveRelocationMode: 1.
Compressed class space mapped at: 0x000001f136000000-0x000001f176000000, reserved size: 1073741824
Narrow klass base: 0x000001f135000000, Narrow klass shift: 0, Narrow klass range: 0x100000000

GC Precious Log:
 CPUs: 8 total, 8 available
 Memory: 16250M
 Large Page Support: Disabled
 NUMA Support: Disabled
 Compressed Oops: Enabled (Zero based)
 Heap Region Size: 2M
 Heap Min Capacity: 8M
 Heap Initial Capacity: 254M
 Heap Max Capacity: 4064M
 Pre-touch: Disabled
 Parallel Workers: 8
 Concurrent Workers: 2
 Concurrent Refinement Workers: 8
 Periodic GC: Disabled

Heap:
 garbage-first heap   total 194560K, used 95752K [0x0000000702000000, 0x0000000800000000)
  region size 2048K, 6 young (12288K), 2 survivors (4096K)
 Metaspace       used 59604K, committed 59968K, reserved 1114112K
  class space    used 6525K, committed 6720K, reserved 1048576K

Heap Regions: E=young(eden), S=young(survivor), O=old, HS=humongous(starts), HC=humongous(continues), CS=collection set, F=free, OA=open archive, CA=closed archive, TAMS=top-at-mark-start (previous, next)
|   0|0x0000000702000000, 0x0000000702200000, 0x0000000702200000|100%|HS|  |TAMS 0x0000000702200000, 0x0000000702000000| Complete 
|   1|0x0000000702200000, 0x0000000702400000, 0x0000000702400000|100%|HC|  |TAMS 0x0000000702400000, 0x0000000702200000| Complete 
|   2|0x0000000702400000, 0x0000000702600000, 0x0000000702600000|100%|HS|  |TAMS 0x0000000702600000, 0x0000000702400000| Complete 
|   3|0x0000000702600000, 0x0000000702800000, 0x0000000702800000|100%|HC|  |TAMS 0x0000000702800000, 0x0000000702600000| Complete 
|   4|0x0000000702800000, 0x0000000702a00000, 0x0000000702a00000|100%|HC|  |TAMS 0x0000000702a00000, 0x0000000702800000| Complete 
|   5|0x0000000702a00000, 0x0000000702c00000, 0x0000000702c00000|100%|HS|  |TAMS 0x0000000702c00000, 0x0000000702a00000| Complete 
|   6|0x0000000702c00000, 0x0000000702e00000, 0x0000000702e00000|100%| O|  |TAMS 0x0000000702e00000, 0x0000000702c00000| Untracked 
|   7|0x0000000702e00000, 0x0000000703000000, 0x0000000703000000|100%| O|  |TAMS 0x0000000703000000, 0x0000000702e00000| Untracked 
|   8|0x0000000703000000, 0x0000000703200000, 0x0000000703200000|100%| O|  |TAMS 0x0000000703200000, 0x0000000703000000| Untracked 
|   9|0x0000000703200000, 0x0000000703400000, 0x0000000703400000|100%| O|  |TAMS 0x0000000703400000, 0x0000000703200000| Untracked 
|  10|0x0000000703400000, 0x0000000703600000, 0x0000000703600000|100%| O|  |TAMS 0x0000000703600000, 0x0000000703400000| Untracked 
|  11|0x0000000703600000, 0x0000000703800000, 0x0000000703800000|100%| O|  |TAMS 0x0000000703800000, 0x0000000703600000| Untracked 
|  12|0x0000000703800000, 0x0000000703a00000, 0x0000000703a00000|100%| O|  |TAMS 0x0000000703a00000, 0x0000000703800000| Untracked 
|  13|0x0000000703a00000, 0x0000000703c00000, 0x0000000703c00000|100%| O|  |TAMS 0x0000000703c00000, 0x0000000703a00000| Untracked 
|  14|0x0000000703c00000, 0x0000000703e00000, 0x0000000703e00000|100%| O|  |TAMS 0x0000000703e00000, 0x0000000703c00000| Untracked 
|  15|0x0000000703e00000, 0x0000000704000000, 0x0000000704000000|100%| O|  |TAMS 0x0000000704000000, 0x0000000703e00000| Untracked 
|  16|0x0000000704000000, 0x0000000704200000, 0x0000000704200000|100%| O|  |TAMS 0x0000000704200000, 0x0000000704000000| Untracked 
|  17|0x0000000704200000, 0x0000000704400000, 0x0000000704400000|100%| O|  |TAMS 0x0000000704400000, 0x0000000704200000| Untracked 
|  18|0x0000000704400000, 0x0000000704600000, 0x0000000704600000|100%| O|  |TAMS 0x0000000704600000, 0x0000000704400000| Untracked 
|  19|0x0000000704600000, 0x0000000704800000, 0x0000000704800000|100%| O|  |TAMS 0x0000000704800000, 0x0000000704600000| Untracked 
|  20|0x0000000704800000, 0x0000000704a00000, 0x0000000704a00000|100%| O|  |TAMS 0x0000000704a00000, 0x0000000704800000| Untracked 
|  21|0x0000000704a00000, 0x0000000704c00000, 0x0000000704c00000|100%| O|  |TAMS 0x0000000704c00000, 0x0000000704a00000| Untracked 
|  22|0x0000000704c00000, 0x0000000704e00000, 0x0000000704e00000|100%| O|  |TAMS 0x0000000704e00000, 0x0000000704c00000| Untracked 
|  23|0x0000000704e00000, 0x0000000705000000, 0x0000000705000000|100%| O|  |TAMS 0x0000000705000000, 0x0000000704e00000| Untracked 
|  24|0x0000000705000000, 0x0000000705200000, 0x0000000705200000|100%| O|  |TAMS 0x0000000705200000, 0x0000000705000000| Untracked 
|  25|0x0000000705200000, 0x0000000705400000, 0x0000000705400000|100%| O|  |TAMS 0x0000000705400000, 0x0000000705200000| Untracked 
|  26|0x0000000705400000, 0x0000000705600000, 0x0000000705600000|100%| O|  |TAMS 0x0000000705600000, 0x0000000705400000| Untracked 
|  27|0x0000000705600000, 0x0000000705800000, 0x0000000705800000|100%| O|  |TAMS 0x0000000705800000, 0x0000000705600000| Untracked 
|  28|0x0000000705800000, 0x0000000705a00000, 0x0000000705a00000|100%| O|  |TAMS 0x0000000705a00000, 0x0000000705800000| Untracked 
|  29|0x0000000705a00000, 0x0000000705c00000, 0x0000000705c00000|100%| O|  |TAMS 0x0000000705c00000, 0x0000000705a00000| Untracked 
|  30|0x0000000705c00000, 0x0000000705e00000, 0x0000000705e00000|100%| O|  |TAMS 0x0000000705e00000, 0x0000000705c00000| Untracked 
|  31|0x0000000705e00000, 0x0000000706000000, 0x0000000706000000|100%| O|  |TAMS 0x0000000706000000, 0x0000000705e00000| Untracked 
|  32|0x0000000706000000, 0x0000000706200000, 0x0000000706200000|100%| O|  |TAMS 0x0000000706200000, 0x0000000706000000| Untracked 
|  33|0x0000000706200000, 0x0000000706400000, 0x0000000706400000|100%|HS|  |TAMS 0x0000000706400000, 0x0000000706200000| Complete 
|  34|0x0000000706400000, 0x0000000706600000, 0x0000000706600000|100%| O|  |TAMS 0x0000000706600000, 0x0000000706400000| Untracked 
|  35|0x0000000706600000, 0x0000000706800000, 0x0000000706800000|100%| O|  |TAMS 0x0000000706800000, 0x0000000706600000| Untracked 
|  36|0x0000000706800000, 0x0000000706a00000, 0x0000000706a00000|100%| O|  |TAMS 0x0000000706a00000, 0x0000000706800000| Untracked 
|  37|0x0000000706a00000, 0x0000000706c00000, 0x0000000706c00000|100%| O|  |TAMS 0x0000000706c00000, 0x0000000706a00000| Untracked 
|  38|0x0000000706c00000, 0x0000000706dffe00, 0x0000000706e00000| 99%| O|  |TAMS 0x0000000706c33800, 0x0000000706c00000| Untracked 
|  39|0x0000000706e00000, 0x0000000706e00000, 0x0000000707000000|  0%| F|  |TAMS 0x0000000706e00000, 0x0000000706e00000| Untracked 
|  40|0x0000000707000000, 0x0000000707000000, 0x0000000707200000|  0%| F|  |TAMS 0x0000000707000000, 0x0000000707000000| Untracked 
|  41|0x0000000707200000, 0x0000000707200000, 0x0000000707400000|  0%| F|  |TAMS 0x0000000707200000, 0x0000000707200000| Untracked 
|  42|0x0000000707400000, 0x0000000707400000, 0x0000000707600000|  0%| F|  |TAMS 0x0000000707400000, 0x0000000707400000| Untracked 
|  43|0x0000000707600000, 0x0000000707600000, 0x0000000707800000|  0%| F|  |TAMS 0x0000000707600000, 0x0000000707600000| Untracked 
|  44|0x0000000707800000, 0x0000000707800000, 0x0000000707a00000|  0%| F|  |TAMS 0x0000000707800000, 0x0000000707800000| Untracked 
|  45|0x0000000707a00000, 0x0000000707a00000, 0x0000000707c00000|  0%| F|  |TAMS 0x0000000707a00000, 0x0000000707a00000| Untracked 
|  46|0x0000000707c00000, 0x0000000707c00000, 0x0000000707e00000|  0%| F|  |TAMS 0x0000000707c00000, 0x0000000707c00000| Untracked 
|  47|0x0000000707e00000, 0x0000000707e00000, 0x0000000708000000|  0%| F|  |TAMS 0x0000000707e00000, 0x0000000707e00000| Untracked 
|  48|0x0000000708000000, 0x0000000708000000, 0x0000000708200000|  0%| F|  |TAMS 0x0000000708000000, 0x0000000708000000| Untracked 
|  49|0x0000000708200000, 0x0000000708200000, 0x0000000708400000|  0%| F|  |TAMS 0x0000000708200000, 0x0000000708200000| Untracked 
|  50|0x0000000708400000, 0x0000000708400000, 0x0000000708600000|  0%| F|  |TAMS 0x0000000708400000, 0x0000000708400000| Untracked 
|  51|0x0000000708600000, 0x0000000708600000, 0x0000000708800000|  0%| F|  |TAMS 0x0000000708600000, 0x0000000708600000| Untracked 
|  52|0x0000000708800000, 0x0000000708800000, 0x0000000708a00000|  0%| F|  |TAMS 0x0000000708800000, 0x0000000708800000| Untracked 
|  53|0x0000000708a00000, 0x0000000708a00000, 0x0000000708c00000|  0%| F|  |TAMS 0x0000000708a00000, 0x0000000708a00000| Untracked 
|  54|0x0000000708c00000, 0x0000000708c00000, 0x0000000708e00000|  0%| F|  |TAMS 0x0000000708c00000, 0x0000000708c00000| Untracked 
|  55|0x0000000708e00000, 0x0000000708e00000, 0x0000000709000000|  0%| F|  |TAMS 0x0000000708e00000, 0x0000000708e00000| Untracked 
|  56|0x0000000709000000, 0x0000000709000000, 0x0000000709200000|  0%| F|  |TAMS 0x0000000709000000, 0x0000000709000000| Untracked 
|  57|0x0000000709200000, 0x0000000709382378, 0x0000000709400000| 75%| S|CS|TAMS 0x0000000709200000, 0x0000000709200000| Complete 
|  58|0x0000000709400000, 0x0000000709600000, 0x0000000709600000|100%| S|CS|TAMS 0x0000000709400000, 0x0000000709400000| Complete 
|  59|0x0000000709600000, 0x0000000709600000, 0x0000000709800000|  0%| F|  |TAMS 0x0000000709600000, 0x0000000709600000| Untracked 
|  60|0x0000000709800000, 0x0000000709800000, 0x0000000709a00000|  0%| F|  |TAMS 0x0000000709800000, 0x0000000709800000| Untracked 
|  61|0x0000000709a00000, 0x0000000709a00000, 0x0000000709c00000|  0%| F|  |TAMS 0x0000000709a00000, 0x0000000709a00000| Untracked 
|  62|0x0000000709c00000, 0x0000000709c00000, 0x0000000709e00000|  0%| F|  |TAMS 0x0000000709c00000, 0x0000000709c00000| Untracked 
|  63|0x0000000709e00000, 0x0000000709e00000, 0x000000070a000000|  0%| F|  |TAMS 0x0000000709e00000, 0x0000000709e00000| Untracked 
|  64|0x000000070a000000, 0x000000070a000000, 0x000000070a200000|  0%| F|  |TAMS 0x000000070a000000, 0x000000070a000000| Untracked 
|  65|0x000000070a200000, 0x000000070a200000, 0x000000070a400000|  0%| F|  |TAMS 0x000000070a200000, 0x000000070a200000| Untracked 
|  66|0x000000070a400000, 0x000000070a400000, 0x000000070a600000|  0%| F|  |TAMS 0x000000070a400000, 0x000000070a400000| Untracked 
|  67|0x000000070a600000, 0x000000070a600000, 0x000000070a800000|  0%| F|  |TAMS 0x000000070a600000, 0x000000070a600000| Untracked 
|  68|0x000000070a800000, 0x000000070a800000, 0x000000070aa00000|  0%| F|  |TAMS 0x000000070a800000, 0x000000070a800000| Untracked 
|  69|0x000000070aa00000, 0x000000070aa00000, 0x000000070ac00000|  0%| F|  |TAMS 0x000000070aa00000, 0x000000070aa00000| Untracked 
|  70|0x000000070ac00000, 0x000000070ac00000, 0x000000070ae00000|  0%| F|  |TAMS 0x000000070ac00000, 0x000000070ac00000| Untracked 
|  71|0x000000070ae00000, 0x000000070ae00000, 0x000000070b000000|  0%| F|  |TAMS 0x000000070ae00000, 0x000000070ae00000| Untracked 
|  72|0x000000070b000000, 0x000000070b000000, 0x000000070b200000|  0%| F|  |TAMS 0x000000070b000000, 0x000000070b000000| Untracked 
|  73|0x000000070b200000, 0x000000070b200000, 0x000000070b400000|  0%| F|  |TAMS 0x000000070b200000, 0x000000070b200000| Untracked 
|  74|0x000000070b400000, 0x000000070b400000, 0x000000070b600000|  0%| F|  |TAMS 0x000000070b400000, 0x000000070b400000| Untracked 
|  75|0x000000070b600000, 0x000000070b600000, 0x000000070b800000|  0%| F|  |TAMS 0x000000070b600000, 0x000000070b600000| Untracked 
|  76|0x000000070b800000, 0x000000070b800000, 0x000000070ba00000|  0%| F|  |TAMS 0x000000070b800000, 0x000000070b800000| Untracked 
|  77|0x000000070ba00000, 0x000000070ba00000, 0x000000070bc00000|  0%| F|  |TAMS 0x000000070ba00000, 0x000000070ba00000| Untracked 
|  78|0x000000070bc00000, 0x000000070bc00000, 0x000000070be00000|  0%| F|  |TAMS 0x000000070bc00000, 0x000000070bc00000| Untracked 
|  79|0x000000070be00000, 0x000000070be00000, 0x000000070c000000|  0%| F|  |TAMS 0x000000070be00000, 0x000000070be00000| Untracked 
|  80|0x000000070c000000, 0x000000070c000000, 0x000000070c200000|  0%| F|  |TAMS 0x000000070c000000, 0x000000070c000000| Untracked 
|  81|0x000000070c200000, 0x000000070c200000, 0x000000070c400000|  0%| F|  |TAMS 0x000000070c200000, 0x000000070c200000| Untracked 
|  82|0x000000070c400000, 0x000000070c400000, 0x000000070c600000|  0%| F|  |TAMS 0x000000070c400000, 0x000000070c400000| Untracked 
|  83|0x000000070c600000, 0x000000070c600000, 0x000000070c800000|  0%| F|  |TAMS 0x000000070c600000, 0x000000070c600000| Untracked 
|  84|0x000000070c800000, 0x000000070c800000, 0x000000070ca00000|  0%| F|  |TAMS 0x000000070c800000, 0x000000070c800000| Untracked 
|  85|0x000000070ca00000, 0x000000070ca00000, 0x000000070cc00000|  0%| F|  |TAMS 0x000000070ca00000, 0x000000070ca00000| Untracked 
|  86|0x000000070cc00000, 0x000000070cc00000, 0x000000070ce00000|  0%| F|  |TAMS 0x000000070cc00000, 0x000000070cc00000| Untracked 
|  87|0x000000070ce00000, 0x000000070ce00000, 0x000000070d000000|  0%| F|  |TAMS 0x000000070ce00000, 0x000000070ce00000| Untracked 
|  88|0x000000070d000000, 0x000000070d200000, 0x000000070d200000|100%| E|  |TAMS 0x000000070d000000, 0x000000070d000000| Complete 
|  89|0x000000070d200000, 0x000000070d400000, 0x000000070d400000|100%| E|CS|TAMS 0x000000070d200000, 0x000000070d200000| Complete 
|  90|0x000000070d400000, 0x000000070d600000, 0x000000070d600000|100%| E|CS|TAMS 0x000000070d400000, 0x000000070d400000| Complete 
| 126|0x0000000711c00000, 0x0000000711e00000, 0x0000000711e00000|100%| E|CS|TAMS 0x0000000711c00000, 0x0000000711c00000| Complete 
|2029|0x00000007ffa00000, 0x00000007ffc00000, 0x00000007ffc00000|100%| O|  |TAMS 0x00000007ffc00000, 0x00000007ffa00000| Untracked 
|2030|0x00000007ffc00000, 0x00000007ffe00000, 0x00000007ffe00000|100%| O|  |TAMS 0x00000007ffe00000, 0x00000007ffc00000| Untracked 
|2031|0x00000007ffe00000, 0x0000000800000000, 0x0000000800000000|100%| O|  |TAMS 0x0000000800000000, 0x00000007ffe00000| Untracked 

Card table byte_map: [0x000001f129080000,0x000001f129870000] _byte_map_base: 0x000001f125870000

Marking Bits (Prev, Next): (CMBitMap*) 0x000001f10fd80cf0, (CMBitMap*) 0x000001f10fd80d30
 Prev Bits: [0x000001f12a060000, 0x000001f12dfe0000)
 Next Bits: [0x000001f12dfe0000, 0x000001f131f60000)

Polling page: 0x000001f10fde0000

Metaspace:

Usage:
  Non-class:     51.84 MB used.
      Class:      6.37 MB used.
       Both:     58.21 MB used.

Virtual space:
  Non-class space:       64.00 MB reserved,      52.00 MB ( 81%) committed,  1 nodes.
      Class space:        1.00 GB reserved,       6.56 MB ( <1%) committed,  1 nodes.
             Both:        1.06 GB reserved,      58.56 MB (  5%) committed. 

Chunk freelists:
   Non-Class:  11.25 MB
       Class:  9.43 MB
        Both:  20.68 MB

MaxMetaspaceSize: unlimited
CompressedClassSpaceSize: 1.00 GB
Initial GC threshold: 21.00 MB
Current GC threshold: 87.44 MB
CDS: on
MetaspaceReclaimPolicy: balanced
 - commit_granule_bytes: 65536.
 - commit_granule_words: 8192.
 - virtual_space_node_default_size: 8388608.
 - enlarge_chunks_in_place: 1.
 - new_chunks_are_fully_committed: 0.
 - uncommit_free_chunks: 1.
 - use_allocation_guard: 0.
 - handle_deallocations: 1.


Internal statistics:

num_allocs_failed_limit: 6.
num_arena_births: 328.
num_arena_deaths: 0.
num_vsnodes_births: 2.
num_vsnodes_deaths: 0.
num_space_committed: 935.
num_space_uncommitted: 0.
num_chunks_returned_to_freelist: 6.
num_chunks_taken_from_freelist: 2547.
num_chunk_merges: 6.
num_chunk_splits: 1973.
num_chunks_enlarged: 1703.
num_inconsistent_stats: 0.

CodeHeap 'non-profiled nmethods': size=120000Kb used=5971Kb max_used=6216Kb free=114028Kb
 bounds [0x000001f120900000, 0x000001f120f20000, 0x000001f127e30000]
CodeHeap 'profiled nmethods': size=120000Kb used=29903Kb max_used=32056Kb free=90096Kb
 bounds [0x000001f118e30000, 0x000001f11ad80000, 0x000001f120360000]
CodeHeap 'non-nmethods': size=5760Kb used=1383Kb max_used=1419Kb free=4376Kb
 bounds [0x000001f120360000, 0x000001f1205d0000, 0x000001f120900000]
 total_blobs=11068 nmethods=10360 adapters=616
 compilation: enabled
              stopped_count=0, restarted_count=0
 full_count=0

Compilation events (20 events):
Event: 28.965 Thread 0x000001f134b9bbd0 nmethod 12804 0x000001f119654590 code [0x000001f119654a00, 0x000001f119656bd8]
Event: 28.965 Thread 0x000001f134b9bbd0 12807       3       org.jetbrains.kotlin.psi2ir.generators.StatementGeneratorExtension::<init> (16 bytes)
Event: 28.965 Thread 0x000001f134b9bbd0 nmethod 12807 0x000001f119f34410 code [0x000001f119f34620, 0x000001f119f34c98]
Event: 28.965 Thread 0x000001f134b9bbd0 12806       3       org.jetbrains.kotlin.psi2ir.generators.CallGenerator::generateValueReference (534 bytes)
Event: 28.978 Thread 0x000001f134b9bbd0 nmethod 12806 0x000001f119a9f010 code [0x000001f119a9fca0, 0x000001f119aa7768]
Event: 28.978 Thread 0x000001f134b9bbd0 12808       3       java.lang.invoke.InnerClassLambdaMetafactory$ForwardingMethodGenerator::convertArgumentTypes (96 bytes)
Event: 28.980 Thread 0x000001f134b9bbd0 nmethod 12808 0x000001f11ab45b10 code [0x000001f11ab45d60, 0x000001f11ab46818]
Event: 28.980 Thread 0x000001f134b9bbd0 12813       3       org.jetbrains.kotlin.ir.declarations.impl.IrFunctionImpl::getDescriptor (10 bytes)
Event: 28.980 Thread 0x000001f134b9bbd0 nmethod 12813 0x000001f119781190 code [0x000001f119781340, 0x000001f1197816c8]
Event: 28.980 Thread 0x000001f134b9bbd0 12812       3       org.jetbrains.kotlin.psi2ir.KotlinUtilsKt::deparenthesize (34 bytes)
Event: 28.981 Thread 0x000001f134b9bbd0 nmethod 12812 0x000001f119a9e010 code [0x000001f119a9e280, 0x000001f119a9ed08]
Event: 28.981 Thread 0x000001f134b9bbd0 12816       3       org.jetbrains.kotlin.psi2ir.generators.IrSyntheticDeclarationGenerator::visitExpression (6 bytes)
Event: 28.983 Thread 0x000001f134b9bbd0 nmethod 12816 0x000001f11aa82510 code [0x000001f11aa82840, 0x000001f11aa838c8]
Event: 28.983 Thread 0x000001f134b9bbd0 12815       3       java.util.ArrayDeque::peekFirst (12 bytes)
Event: 28.983 Thread 0x000001f134b9bbd0 nmethod 12815 0x000001f119363210 code [0x000001f1193633a0, 0x000001f119363538]
Event: 28.983 Thread 0x000001f134b9bbd0 12817       3       org.jetbrains.kotlin.ir.visitors.IrElementVisitorVoid$DefaultImpls::visitValueParameter (14 bytes)
Event: 28.984 Thread 0x000001f134b9bbd0 nmethod 12817 0x000001f11a679290 code [0x000001f11a6794a0, 0x000001f11a679b08]
Event: 28.984 Thread 0x000001f134b9bbd0 12818       3       org.jetbrains.kotlin.ir.visitors.IrElementVisitorVoid$DefaultImpls::visitValueParameter (17 bytes)
Event: 28.985 Thread 0x000001f134b9bbd0 nmethod 12818 0x000001f11a4d4a90 code [0x000001f11a4d4ca0, 0x000001f11a4d5308]
Event: 28.985 Thread 0x000001f134b9bbd0 12819       3       org.jetbrains.kotlin.ir.declarations.IrValueParameter::acceptChildren (25 bytes)

GC Heap History (20 events):
Event: 10.998 GC heap before
{Heap before GC invocations=10 (full 0):
 garbage-first heap   total 137216K, used 97434K [0x0000000702000000, 0x0000000800000000)
  region size 2048K, 27 young (55296K), 2 survivors (4096K)
 Metaspace       used 43569K, committed 43904K, reserved 1114112K
  class space    used 5255K, committed 5440K, reserved 1048576K
}
Event: 11.014 GC heap after
{Heap after GC invocations=11 (full 0):
 garbage-first heap   total 137216K, used 55451K [0x0000000702000000, 0x0000000800000000)
  region size 2048K, 4 young (8192K), 4 survivors (8192K)
 Metaspace       used 43569K, committed 43904K, reserved 1114112K
  class space    used 5255K, committed 5440K, reserved 1048576K
}
Event: 13.551 GC heap before
{Heap before GC invocations=11 (full 0):
 garbage-first heap   total 137216K, used 102555K [0x0000000702000000, 0x0000000800000000)
  region size 2048K, 27 young (55296K), 4 survivors (8192K)
 Metaspace       used 47627K, committed 48000K, reserved 1114112K
  class space    used 5647K, committed 5824K, reserved 1048576K
}
Event: 13.573 GC heap after
{Heap after GC invocations=12 (full 0):
 garbage-first heap   total 137216K, used 61854K [0x0000000702000000, 0x0000000800000000)
  region size 2048K, 3 young (6144K), 3 survivors (6144K)
 Metaspace       used 47627K, committed 48000K, reserved 1114112K
  class space    used 5647K, committed 5824K, reserved 1048576K
}
Event: 15.682 GC heap before
{Heap before GC invocations=12 (full 0):
 garbage-first heap   total 137216K, used 104862K [0x0000000702000000, 0x0000000800000000)
  region size 2048K, 24 young (49152K), 3 survivors (6144K)
 Metaspace       used 49291K, committed 49664K, reserved 1114112K
  class space    used 5709K, committed 5888K, reserved 1048576K
}
Event: 15.705 GC heap after
{Heap after GC invocations=13 (full 0):
 garbage-first heap   total 137216K, used 67886K [0x0000000702000000, 0x0000000800000000)
  region size 2048K, 3 young (6144K), 3 survivors (6144K)
 Metaspace       used 49291K, committed 49664K, reserved 1114112K
  class space    used 5709K, committed 5888K, reserved 1048576K
}
Event: 18.008 GC heap before
{Heap before GC invocations=13 (full 0):
 garbage-first heap   total 137216K, used 106798K [0x0000000702000000, 0x0000000800000000)
  region size 2048K, 22 young (45056K), 3 survivors (6144K)
 Metaspace       used 50307K, committed 50624K, reserved 1114112K
  class space    used 5728K, committed 5888K, reserved 1048576K
}
Event: 18.027 GC heap after
{Heap after GC invocations=14 (full 0):
 garbage-first heap   total 137216K, used 72762K [0x0000000702000000, 0x0000000800000000)
  region size 2048K, 3 young (6144K), 3 survivors (6144K)
 Metaspace       used 50307K, committed 50624K, reserved 1114112K
  class space    used 5728K, committed 5888K, reserved 1048576K
}
Event: 19.701 GC heap before
{Heap before GC invocations=15 (full 0):
 garbage-first heap   total 137216K, used 99386K [0x0000000702000000, 0x0000000800000000)
  region size 2048K, 17 young (34816K), 3 survivors (6144K)
 Metaspace       used 50807K, committed 51136K, reserved 1114112K
  class space    used 5742K, committed 5888K, reserved 1048576K
}
Event: 19.717 GC heap after
{Heap after GC invocations=16 (full 0):
 garbage-first heap   total 137216K, used 76390K [0x0000000702000000, 0x0000000800000000)
  region size 2048K, 2 young (4096K), 2 survivors (4096K)
 Metaspace       used 50807K, committed 51136K, reserved 1114112K
  class space    used 5742K, committed 5888K, reserved 1048576K
}
Event: 21.261 GC heap before
{Heap before GC invocations=17 (full 0):
 garbage-first heap   total 137216K, used 111206K [0x0000000702000000, 0x0000000800000000)
  region size 2048K, 18 young (36864K), 2 survivors (4096K)
 Metaspace       used 51390K, committed 51712K, reserved 1114112K
  class space    used 5781K, committed 5952K, reserved 1048576K
}
Event: 21.279 GC heap after
{Heap after GC invocations=18 (full 0):
 garbage-first heap   total 137216K, used 81356K [0x0000000702000000, 0x0000000800000000)
  region size 2048K, 2 young (4096K), 2 survivors (4096K)
 Metaspace       used 51390K, committed 51712K, reserved 1114112K
  class space    used 5781K, committed 5952K, reserved 1048576K
}
Event: 22.942 GC heap before
{Heap before GC invocations=18 (full 0):
 garbage-first heap   total 137216K, used 110028K [0x0000000702000000, 0x0000000800000000)
  region size 2048K, 16 young (32768K), 2 survivors (4096K)
 Metaspace       used 51703K, committed 52032K, reserved 1114112K
  class space    used 5802K, committed 5952K, reserved 1048576K
}
Event: 22.961 GC heap after
{Heap after GC invocations=19 (full 0):
 garbage-first heap   total 137216K, used 84370K [0x0000000702000000, 0x0000000800000000)
  region size 2048K, 2 young (4096K), 2 survivors (4096K)
 Metaspace       used 51703K, committed 52032K, reserved 1114112K
  class space    used 5802K, committed 5952K, reserved 1048576K
}
Event: 24.915 GC heap before
{Heap before GC invocations=20 (full 0):
 garbage-first heap   total 151552K, used 110994K [0x0000000702000000, 0x0000000800000000)
  region size 2048K, 15 young (30720K), 2 survivors (4096K)
 Metaspace       used 52133K, committed 52480K, reserved 1114112K
  class space    used 5825K, committed 6016K, reserved 1048576K
}
Event: 24.931 GC heap after
{Heap after GC invocations=21 (full 0):
 garbage-first heap   total 151552K, used 86169K [0x0000000702000000, 0x0000000800000000)
  region size 2048K, 1 young (2048K), 1 survivors (2048K)
 Metaspace       used 52133K, committed 52480K, reserved 1114112K
  class space    used 5825K, committed 6016K, reserved 1048576K
}
Event: 26.972 GC heap before
{Heap before GC invocations=21 (full 0):
 garbage-first heap   total 151552K, used 123033K [0x0000000702000000, 0x0000000800000000)
  region size 2048K, 19 young (38912K), 1 survivors (2048K)
 Metaspace       used 53344K, committed 53696K, reserved 1114112K
  class space    used 5930K, committed 6080K, reserved 1048576K
}
Event: 26.986 GC heap after
{Heap after GC invocations=22 (full 0):
 garbage-first heap   total 151552K, used 88016K [0x0000000702000000, 0x0000000800000000)
  region size 2048K, 2 young (4096K), 2 survivors (4096K)
 Metaspace       used 53344K, committed 53696K, reserved 1114112K
  class space    used 5930K, committed 6080K, reserved 1048576K
}
Event: 28.547 GC heap before
{Heap before GC invocations=23 (full 0):
 garbage-first heap   total 161792K, used 122832K [0x0000000702000000, 0x0000000800000000)
  region size 2048K, 19 young (38912K), 2 survivors (4096K)
 Metaspace       used 58033K, committed 58368K, reserved 1114112K
  class space    used 6370K, committed 6528K, reserved 1048576K
}
Event: 28.564 GC heap after
{Heap after GC invocations=24 (full 0):
 garbage-first heap   total 194560K, used 89608K [0x0000000702000000, 0x0000000800000000)
  region size 2048K, 2 young (4096K), 2 survivors (4096K)
 Metaspace       used 58033K, committed 58368K, reserved 1114112K
  class space    used 6370K, committed 6528K, reserved 1048576K
}

Deoptimization events (20 events):
Event: 28.336 Thread 0x000001f10fd12750 DEOPT PACKING pc=0x000001f120b7c2fc sp=0x00000087a72fe910
Event: 28.336 Thread 0x000001f10fd12750 DEOPT UNPACKING pc=0x000001f1203b23a3 sp=0x00000087a72fe8c8 mode 2
Event: 28.336 Thread 0x000001f10fd12750 Uncommon trap: trap_request=0xffffffc6 fr.pc=0x000001f120d79b24 relative=0x0000000000001124
Event: 28.336 Thread 0x000001f10fd12750 Uncommon trap: reason=bimorphic_or_optimized_type_check action=maybe_recompile pc=0x000001f120d79b24 method=org.jetbrains.kotlin.types.KotlinTypeFactory.computeMemberScope(Lorg/jetbrains/kotlin/types/TypeConstructor;Ljava/util/List;Lorg/jetbrains/kotlin/t
Event: 28.336 Thread 0x000001f10fd12750 DEOPT PACKING pc=0x000001f120d79b24 sp=0x00000087a72fe810
Event: 28.336 Thread 0x000001f10fd12750 DEOPT UNPACKING pc=0x000001f1203b23a3 sp=0x00000087a72fe768 mode 2
Event: 28.336 Thread 0x000001f10fd12750 Uncommon trap: trap_request=0xffffffc6 fr.pc=0x000001f120b7c2fc relative=0x00000000000008dc
Event: 28.336 Thread 0x000001f10fd12750 Uncommon trap: reason=bimorphic_or_optimized_type_check action=maybe_recompile pc=0x000001f120b7c2fc method=org.jetbrains.kotlin.storage.LockBasedStorageManager$LockBasedLazyValue.invoke()Ljava/lang/Object; @ 181 c2
Event: 28.336 Thread 0x000001f10fd12750 DEOPT PACKING pc=0x000001f120b7c2fc sp=0x00000087a72fe6b0
Event: 28.336 Thread 0x000001f10fd12750 DEOPT UNPACKING pc=0x000001f1203b23a3 sp=0x00000087a72fe668 mode 2
Event: 28.476 Thread 0x000001f10fd12750 Uncommon trap: trap_request=0xffffff45 fr.pc=0x000001f120f07558 relative=0x00000000000007b8
Event: 28.476 Thread 0x000001f10fd12750 Uncommon trap: reason=unstable_if action=reinterpret pc=0x000001f120f07558 method=org.jetbrains.kotlin.com.intellij.openapi.util.text.LineTokenizer.advance()V @ 145 c2
Event: 28.476 Thread 0x000001f10fd12750 DEOPT PACKING pc=0x000001f120f07558 sp=0x00000087a72fe6b0
Event: 28.476 Thread 0x000001f10fd12750 DEOPT UNPACKING pc=0x000001f1203b23a3 sp=0x00000087a72fe668 mode 2
Event: 28.839 Thread 0x000001f10fd12750 DEOPT PACKING pc=0x000001f11a69519c sp=0x00000087a72fb410
Event: 28.839 Thread 0x000001f10fd12750 DEOPT UNPACKING pc=0x000001f1203b2b43 sp=0x00000087a72faa60 mode 0
Event: 28.839 Thread 0x000001f10fd12750 DEOPT PACKING pc=0x000001f11a692a1c sp=0x00000087a72fb760
Event: 28.839 Thread 0x000001f10fd12750 DEOPT UNPACKING pc=0x000001f1203b2b43 sp=0x00000087a72fada8 mode 0
Event: 28.839 Thread 0x000001f10fd12750 DEOPT PACKING pc=0x000001f118fdd2cc sp=0x00000087a72fb9b0
Event: 28.840 Thread 0x000001f10fd12750 DEOPT UNPACKING pc=0x000001f1203b2b43 sp=0x00000087a72faec8 mode 0

Classes unloaded (0 events):
No events

Classes redefined (0 events):
No events

Internal exceptions (20 events):
Event: 12.151 Thread 0x000001f10fd12750 Implicit null exception at 0x000001f120ba9fe0 to 0x000001f120bac4a8
Event: 12.151 Thread 0x000001f10fd12750 Implicit null exception at 0x000001f120ba9fe0 to 0x000001f120bac4a8
Event: 12.151 Thread 0x000001f10fd12750 Implicit null exception at 0x000001f120ba9fe0 to 0x000001f120bac4a8
Event: 12.151 Thread 0x000001f10fd12750 Implicit null exception at 0x000001f120ba9fe0 to 0x000001f120bac4a8
Event: 12.151 Thread 0x000001f10fd12750 Implicit null exception at 0x000001f120b86dd3 to 0x000001f120b8c4f4
Event: 12.156 Thread 0x000001f10fd12750 Implicit null exception at 0x000001f120b5d813 to 0x000001f120b5e294
Event: 12.888 Thread 0x000001f10fd12750 Exception <a 'java/lang/NoSuchMethodError'{0x0000000708576250}: 'java.lang.Object java.lang.invoke.DirectMethodHandle$Holder.newInvokeSpecial(java.lang.Object, java.lang.Object, java.lang.Object, java.lang.Object, java.lang.Object, java.lang.Object, java.lang.Object)'> (0x0000000708576250) 
thrown [s\open\src\hotspot\share\interpreter\linkResolver.cpp, line 759]
Event: 12.889 Thread 0x000001f10fd12750 Exception <a 'java/lang/NoSuchMethodError'{0x000000070857ae08}: 'java.lang.Object java.lang.invoke.Invokers$Holder.linkToTargetMethod(java.lang.Object, java.lang.Object, java.lang.Object, java.lang.Object, java.lang.Object, java.lang.Object, java.lang.Object)'> (0x000000070857ae08) 
thrown [s\open\src\hotspot\share\interpreter\linkResolver.cpp, line 759]
Event: 13.015 Thread 0x000001f10fd12750 Exception <a 'java/lang/NoSuchMethodError'{0x00000007080e9240}: 'java.lang.Object java.lang.invoke.DirectMethodHandle$Holder.invokeInterface(java.lang.Object, java.lang.Object, java.lang.Object)'> (0x00000007080e9240) 
thrown [s\open\src\hotspot\share\interpreter\linkResolver.cpp, line 759]
Event: 13.016 Thread 0x000001f10fd12750 Exception <a 'java/lang/IncompatibleClassChangeError'{0x00000007080ecf58}: Found class java.lang.Object, but interface was expected> (0x00000007080ecf58) 
thrown [s\open\src\hotspot\share\interpreter\linkResolver.cpp, line 826]
Event: 13.081 Thread 0x000001f10fd12750 Exception <a 'java/lang/NoSuchMethodError'{0x0000000707ef0128}: 'java.lang.Object java.lang.invoke.DirectMethodHandle$Holder.newInvokeSpecial(java.lang.Object, int, java.lang.Object, java.lang.Object)'> (0x0000000707ef0128) 
thrown [s\open\src\hotspot\share\interpreter\linkResolver.cpp, line 759]
Event: 13.082 Thread 0x000001f10fd12750 Exception <a 'java/lang/NoSuchMethodError'{0x0000000707ef4878}: 'java.lang.Object java.lang.invoke.DirectMethodHandle$Holder.invokeSpecial(java.lang.Object, java.lang.Object, int, java.lang.Object, java.lang.Object)'> (0x0000000707ef4878) 
thrown [s\open\src\hotspot\share\interpreter\linkResolver.cpp, line 759]
Event: 15.229 Thread 0x000001f10fd12750 Exception <a 'java/lang/NoSuchMethodError'{0x00000007082ef5b8}: 'java.lang.Object java.lang.invoke.DirectMethodHandle$Holder.invokeStatic(java.lang.Object, int, java.lang.Object)'> (0x00000007082ef5b8) 
thrown [s\open\src\hotspot\share\interpreter\linkResolver.cpp, line 759]
Event: 17.596 Thread 0x000001f10fd12750 Implicit null exception at 0x000001f1209d3f93 to 0x000001f1209d43d4
Event: 17.719 Thread 0x000001f10fd12750 Implicit null exception at 0x000001f120cf460b to 0x000001f120cf589c
Event: 19.656 Thread 0x000001f10fd12750 Implicit null exception at 0x000001f120d1fcc0 to 0x000001f120d21da0
Event: 26.452 Thread 0x000001f10fd12750 Implicit null exception at 0x000001f120986510 to 0x000001f1209868d4
Event: 28.059 Thread 0x000001f10fd12750 Exception <a 'java/lang/NoSuchMethodError'{0x000000070bf82078}: 'java.lang.Object java.lang.invoke.DirectMethodHandle$Holder.invokeStaticInit(java.lang.Object, java.lang.Object, java.lang.Object, java.lang.Object)'> (0x000000070bf82078) 
thrown [s\open\src\hotspot\share\interpreter\linkResolver.cpp, line 759]
Event: 28.890 Thread 0x000001f10fd12750 Exception <a 'java/lang/NoSuchMethodError'{0x000000070d0024d8}: 'java.lang.Object java.lang.invoke.DirectMethodHandle$Holder.newInvokeSpecial(java.lang.Object, java.lang.Object, java.lang.Object, int, int)'> (0x000000070d0024d8) 
thrown [s\open\src\hotspot\share\interpreter\linkResolver.cpp, line 759]
Event: 28.890 Thread 0x000001f10fd12750 Exception <a 'java/lang/NoSuchMethodError'{0x000000070d006318}: 'java.lang.Object java.lang.invoke.DirectMethodHandle$Holder.invokeSpecial(java.lang.Object, java.lang.Object, java.lang.Object, java.lang.Object, int, int)'> (0x000000070d006318) 
thrown [s\open\src\hotspot\share\interpreter\linkResolver.cpp, line 759]

VM Operations (20 events):
Event: 28.299 Executing VM operation: HandshakeAllThreads done
Event: 28.302 Executing VM operation: HandshakeAllThreads
Event: 28.302 Executing VM operation: HandshakeAllThreads done
Event: 28.302 Executing VM operation: HandshakeAllThreads
Event: 28.302 Executing VM operation: HandshakeAllThreads done
Event: 28.326 Executing VM operation: HandshakeAllThreads
Event: 28.326 Executing VM operation: HandshakeAllThreads done
Event: 28.374 Executing VM operation: HandshakeAllThreads
Event: 28.374 Executing VM operation: HandshakeAllThreads done
Event: 28.425 Executing VM operation: HandshakeAllThreads
Event: 28.425 Executing VM operation: HandshakeAllThreads done
Event: 28.547 Executing VM operation: G1CollectForAllocation
Event: 28.564 Executing VM operation: G1CollectForAllocation done
Event: 28.665 Executing VM operation: HandshakeAllThreads
Event: 28.665 Executing VM operation: HandshakeAllThreads done
Event: 28.839 Executing VM operation: HandshakeAllThreads
Event: 28.839 Executing VM operation: HandshakeAllThreads done
Event: 28.922 Executing VM operation: ICBufferFull
Event: 28.922 Executing VM operation: ICBufferFull done
Event: 29.934 Executing VM operation: Cleanup

Events (20 events):
Event: 28.452 Thread 0x000001f134b9c1d0 flushing nmethod 0x000001f11a9f0710
Event: 28.452 Thread 0x000001f134b9c1d0 flushing nmethod 0x000001f11aa22d10
Event: 28.452 Thread 0x000001f134b9c1d0 flushing nmethod 0x000001f11aa55590
Event: 28.452 Thread 0x000001f134b9c1d0 flushing nmethod 0x000001f11aa83410
Event: 28.452 Thread 0x000001f134b9c1d0 flushing nmethod 0x000001f11aa84490
Event: 28.452 Thread 0x000001f134b9c1d0 flushing nmethod 0x000001f11aab9290
Event: 28.452 Thread 0x000001f134b9c1d0 flushing nmethod 0x000001f11aad0290
Event: 28.452 Thread 0x000001f134b9c1d0 flushing nmethod 0x000001f11aae1910
Event: 28.452 Thread 0x000001f134b9c1d0 flushing nmethod 0x000001f11aaeb890
Event: 28.452 Thread 0x000001f134b9c1d0 flushing nmethod 0x000001f11aaf0290
Event: 28.453 Thread 0x000001f134b9c1d0 flushing nmethod 0x000001f11ab3b890
Event: 28.453 Thread 0x000001f134b9c1d0 flushing nmethod 0x000001f11ab5ae90
Event: 28.453 Thread 0x000001f134b9c1d0 flushing nmethod 0x000001f11ab79490
Event: 28.453 Thread 0x000001f134b9c1d0 flushing nmethod 0x000001f11ab9c890
Event: 28.453 Thread 0x000001f134b9c1d0 flushing nmethod 0x000001f11abb6690
Event: 28.453 Thread 0x000001f134b9c1d0 flushing nmethod 0x000001f11abbdf10
Event: 28.453 Thread 0x000001f134b9c1d0 flushing nmethod 0x000001f11abc0090
Event: 28.454 Thread 0x000001f134b9c1d0 flushing nmethod 0x000001f11ac83490
Event: 28.454 Thread 0x000001f134b9c1d0 flushing nmethod 0x000001f11ac91390
Event: 28.925 Thread 0x000001f17d99ab50 Thread added: 0x000001f17d99ab50


Dynamic libraries:
0x00007ff7fbc60000 - 0x00007ff7fbc70000 	C:\Program Files\Java\jdk-17\bin\java.exe
0x00007fffbf420000 - 0x00007fffbf688000 	C:\WINDOWS\SYSTEM32\ntdll.dll
0x00007fffbe0b0000 - 0x00007fffbe179000 	C:\WINDOWS\System32\KERNEL32.DLL
0x00007fffbcdc0000 - 0x00007fffbd1b1000 	C:\WINDOWS\System32\KERNELBASE.dll
0x00007fffbc920000 - 0x00007fffbca6b000 	C:\WINDOWS\System32\ucrtbase.dll
0x00007fff97470000 - 0x00007fff9748b000 	C:\Program Files\Java\jdk-17\bin\VCRUNTIME140.dll
0x00007fff97330000 - 0x00007fff97349000 	C:\Program Files\Java\jdk-17\bin\jli.dll
0x00007fffbec70000 - 0x00007fffbed24000 	C:\WINDOWS\System32\ADVAPI32.dll
0x00007fffbd780000 - 0x00007fffbd829000 	C:\WINDOWS\System32\msvcrt.dll
0x00007fffbdf40000 - 0x00007fffbdfe6000 	C:\WINDOWS\System32\sechost.dll
0x00007fffbed30000 - 0x00007fffbee48000 	C:\WINDOWS\System32\RPCRT4.dll
0x00007fffbdc60000 - 0x00007fffbde26000 	C:\WINDOWS\System32\USER32.dll
0x00007fffbcd90000 - 0x00007fffbcdb7000 	C:\WINDOWS\System32\win32u.dll
0x00007fffbd1c0000 - 0x00007fffbd1eb000 	C:\WINDOWS\System32\GDI32.dll
0x00007fffbcb20000 - 0x00007fffbcc4b000 	C:\WINDOWS\System32\gdi32full.dll
0x00007fffbca70000 - 0x00007fffbcb13000 	C:\WINDOWS\System32\msvcp_win.dll
0x00007fffa8710000 - 0x00007fffa89a3000 	C:\WINDOWS\WinSxS\amd64_microsoft.windows.common-controls_6595b64144ccf1df_6.0.26100.7824_none_3e0870b2e3345462\COMCTL32.dll
0x00007fffb7080000 - 0x00007fffb708b000 	C:\WINDOWS\SYSTEM32\VERSION.dll
0x00007fffbe260000 - 0x00007fffbe291000 	C:\WINDOWS\System32\IMM32.DLL
0x00007fffb89b0000 - 0x00007fffb89bc000 	C:\Program Files\Java\jdk-17\bin\vcruntime140_1.dll
0x00007fff838a0000 - 0x00007fff8392e000 	C:\Program Files\Java\jdk-17\bin\msvcp140.dll
0x00007fff15ab0000 - 0x00007fff16691000 	C:\Program Files\Java\jdk-17\bin\server\jvm.dll
0x00007fffbe310000 - 0x00007fffbe318000 	C:\WINDOWS\System32\PSAPI.DLL
0x00007fffad8f0000 - 0x00007fffad8fa000 	C:\WINDOWS\SYSTEM32\WSOCK32.dll
0x00007fffa89b0000 - 0x00007fffa89e5000 	C:\WINDOWS\SYSTEM32\WINMM.dll
0x00007fffbd950000 - 0x00007fffbd9c4000 	C:\WINDOWS\System32\WS2_32.dll
0x00007fffbaa60000 - 0x00007fffbaa7b000 	C:\WINDOWS\SYSTEM32\kernel.appcore.dll
0x00007fffb7100000 - 0x00007fffb710a000 	C:\Program Files\Java\jdk-17\bin\jimage.dll
0x00007fffb9d70000 - 0x00007fffb9fb2000 	C:\WINDOWS\SYSTEM32\DBGHELP.DLL
0x00007fffbee50000 - 0x00007fffbf1d6000 	C:\WINDOWS\System32\combase.dll
0x00007fffbe180000 - 0x00007fffbe257000 	C:\WINDOWS\System32\OLEAUT32.dll
0x00007fffa7980000 - 0x00007fffa79bb000 	C:\WINDOWS\SYSTEM32\dbgcore.DLL
0x00007fffbcc50000 - 0x00007fffbccf5000 	C:\WINDOWS\System32\bcryptPrimitives.dll
0x00007fff899a0000 - 0x00007fff899c5000 	C:\Program Files\Java\jdk-17\bin\java.dll
0x00007fff5ec40000 - 0x00007fff5ed17000 	C:\Program Files\Java\jdk-17\bin\jsvml.dll
0x00007fffbe510000 - 0x00007fffbec62000 	C:\WINDOWS\System32\SHELL32.dll
0x00007fffbc6f0000 - 0x00007fffbc85a000 	C:\WINDOWS\System32\wintypes.dll
0x00007fffbbd00000 - 0x00007fffbc563000 	C:\WINDOWS\System32\windows.storage.dll
0x00007fffbd850000 - 0x00007fffbd946000 	C:\WINDOWS\System32\SHCORE.dll
0x00007fffbe2a0000 - 0x00007fffbe307000 	C:\WINDOWS\System32\shlwapi.dll
0x00007fffbbc20000 - 0x00007fffbbc49000 	C:\WINDOWS\SYSTEM32\profapi.dll
0x00007fff971e0000 - 0x00007fff971f9000 	C:\Program Files\Java\jdk-17\bin\net.dll
0x00007fffaf2e0000 - 0x00007fffaf407000 	C:\WINDOWS\SYSTEM32\WINHTTP.dll
0x00007fffbafb0000 - 0x00007fffbb01b000 	C:\WINDOWS\system32\mswsock.dll
0x00007fff97040000 - 0x00007fff97056000 	C:\Program Files\Java\jdk-17\bin\nio.dll
0x00007fff96580000 - 0x00007fff96598000 	C:\Program Files\Java\jdk-17\bin\zip.dll
0x00007fffb6ef0000 - 0x00007fffb6f00000 	C:\Program Files\Java\jdk-17\bin\verify.dll

dbghelp: loaded successfully - version: 4.0.5 - missing functions: none
symbol engine: initialized successfully - sym options: 0x614 - pdb path: .;C:\Program Files\Java\jdk-17\bin;C:\WINDOWS\SYSTEM32;C:\WINDOWS\WinSxS\amd64_microsoft.windows.common-controls_6595b64144ccf1df_6.0.26100.7824_none_3e0870b2e3345462;C:\Program Files\Java\jdk-17\bin\server

VM Arguments:
java_command: org.jetbrains.kotlin.cli.jvm.K2JVMCompiler @C:\Devtools\My_Flutter_Projects\flutter\packages\flutter_tools\gradle\build\20260227_9166704752154434476.compiler.options
java_class_path (initial): C:\Users\DELL LATITUDE 3390\.gradle\caches\modules-2\files-2.1\org.jetbrains.kotlin\kotlin-compiler-embeddable\1.9.24\78dab849090e6c5e2eadb6e59a11cdc28fb67a08\kotlin-compiler-embeddable-1.9.24.jar;C:\Users\DELL LATITUDE 3390\.gradle\caches\modules-2\files-2.1\org.jetbrains.kotlin\kotlin-stdlib\1.9.24\9928532f12c66ad816a625b3f9984f8368ca6d2b\kotlin-stdlib-1.9.24.jar;C:\Users\DELL LATITUDE 3390\.gradle\caches\modules-2\files-2.1\org.jetbrains.kotlin\kotlin-script-runtime\1.9.24\96771497da90fbc5af1c90fce148db2595a62502\kotlin-script-runtime-1.9.24.jar;C:\Users\DELL LATITUDE 3390\.gradle\caches\modules-2\files-2.1\org.jetbrains.kotlin\kotlin-reflect\1.6.10\1cbe9c92c12a94eea200d23c2bbaedaf3daf5132\kotlin-reflect-1.6.10.jar;C:\Users\DELL LATITUDE 3390\.gradle\caches\modules-2\files-2.1\org.jetbrains.kotlin\kotlin-daemon-embeddable\1.9.24\86685b9c5e8d170925bd9ddbdc263374a6a73281\kotlin-daemon-embeddable-1.9.24.jar;C:\Users\DELL LATITUDE 3390\.gradle\caches\modules-2\files-2.1\org.jetbrains.intellij.deps\trove4j\1.0.20200330\3afb14d5f9ceb459d724e907a21145e8ff394f02\trove4j-1.0.20200330.jar;C:\Users\DELL LATITUDE 3390\.gradle\caches\modules-2\files-2.1\org.jetbrains\annotations\13.0\919f0dfe192fb4e063e7dacadee7f8bb9a2672a9\annotations-13.0.jar
Launcher Type: SUN_STANDARD

[Global flags]
     intx CICompilerCount                          = 4                                         {product} {ergonomic}
     uint ConcGCThreads                            = 2                                         {product} {ergonomic}
     uint G1ConcRefinementThreads                  = 8                                         {product} {ergonomic}
   size_t G1HeapRegionSize                         = 2097152                                   {product} {ergonomic}
    uintx GCDrainStackTargetSize                   = 64                                        {product} {ergonomic}
   size_t InitialHeapSize                          = 266338304                                 {product} {ergonomic}
   size_t MarkStackSize                            = 4194304                                   {product} {ergonomic}
   size_t MaxHeapSize                              = 4261412864                                {product} {ergonomic}
   size_t MaxNewSize                               = 2556428288                                {product} {ergonomic}
   size_t MinHeapDeltaBytes                        = 2097152                                   {product} {ergonomic}
   size_t MinHeapSize                              = 8388608                                   {product} {ergonomic}
    uintx NonNMethodCodeHeapSize                   = 5839372                                {pd product} {ergonomic}
    uintx NonProfiledCodeHeapSize                  = 122909434                              {pd product} {ergonomic}
    uintx ProfiledCodeHeapSize                     = 122909434                              {pd product} {ergonomic}
    uintx ReservedCodeCacheSize                    = 251658240                              {pd product} {ergonomic}
     bool SegmentedCodeCache                       = true                                      {product} {ergonomic}
   size_t SoftMaxHeapSize                          = 4261412864                             {manageable} {ergonomic}
     bool UseCompressedClassPointers               = true                           {product lp64_product} {ergonomic}
     bool UseCompressedOops                        = true                           {product lp64_product} {ergonomic}
     bool UseG1GC                                  = true                                      {product} {ergonomic}
     bool UseLargePagesIndividualAllocation        = false                                  {pd product} {ergonomic}

Logging:
Log output configuration:
 #0: stdout all=warning uptime,level,tags
 #1: stderr all=off uptime,level,tags

Environment Variables:
JAVA_HOME=C:\Program Files\Java\jdk-17
PATH=C:\Program Files (x86)\NVIDIA Corporation\PhysX\Common;C:\Program Files\Common Files\Oracle\Java\javapath;C:\WINDOWS\system32;C:\WINDOWS;C:\WINDOWS\System32\Wbem;C:\WINDOWS\System32\WindowsPowerShell\v1.0\;C:\WINDOWS\System32\OpenSSH\;C:\Program Files\MATLAB\R2024a\runtime\win64;C:\Program Files\MATLAB\R2024a\bin;C:\Program Files\Java\jdk-17\bin;C:\Program Files\nodejs\;C:\Program Files\Git\cmd;C:\Program Files (x86)\Windows Kits\10\Windows Performance Toolkit\;C:\Users\DELL LATITUDE 3390\AppData\Local\Programs\Python\Python313\;C:\Users\DELL LATITUDE 3390\AppData\Local\Programs\Python\Python313\Scripts;C:\Program Files (x86)\Windows Kits\8.1\Windows Performance Toolkit\;C:\Users\DELL LATITUDE 3390\AppData\Local\Programs\Python\Python313\Scripts\;C:\Users\DELL LATITUDE 3390\AppData\Local\Programs\Python\Python313\;C:\Users\DELL LATITUDE 3390\AppData\Local\Programs\Python\Launcher\;C:\Users\DELL LATITUDE 3390\AppData\Local\Microsoft\WindowsApps;C:\Users\DELL LATITUDE 3390\AppData\Local\Programs\Microsoft VS Code\bin;C:\Users\DELL LATITUDE 3390\AppData\Roaming\npm;C:\Users\DELL LATITUDE 3390\AppData\Local\GitHubDesktop\bin;C:\Devtools\My_Flutter_Projects\flutter\bin;C:\Users\DELL LATITUDE 3390\Downloads\jdk-17.0.15_windows-x64_bin.exe;C:\Program Files\Java\jdk-17\bin;C:\Program Files\JetBrains\PyCharm 2025.2.0.1\bin;C:\MinGW\bin;
USERNAME=DELL LATITUDE 3390
OS=Windows_NT
PROCESSOR_IDENTIFIER=Intel64 Family 6 Model 142 Stepping 10, GenuineIntel



---------------  S Y S T E M  ---------------

OS:
 Windows 11 , 64 bit Build 26100 (10.0.26100.7705)
OS uptime: 1 days 14:15 hours
Hyper-V role detected

CPU: total 8 (initial active 8) (4 cores per cpu, 2 threads per core) family 6 model 142 stepping 10 microcode 0xf6, cx8, cmov, fxsr, ht, mmx, 3dnowpref, sse, sse2, sse3, ssse3, sse4.1, sse4.2, popcnt, lzcnt, tsc, tscinvbit, avx, avx2, aes, erms, clmul, bmi1, bmi2, adx, fma, vzeroupper, clflush, clflushopt, hv

Memory: 4k page, system-wide physical 16250M (2137M free)
TotalPageFile size 27722M (AvailPageFile size 6M)
current process WorkingSet (physical memory assigned to process): 405M, peak: 405M
current process commit charge ("private bytes"): 469M, peak: 470M

vm_info: Java HotSpot(TM) 64-Bit Server VM (17.0.15+9-LTS-241) for windows-amd64 JRE (17.0.15+9-LTS-241), built on Feb 20 2025 10:49:54 by "mach5one" with MS VC++ 17.6 (VS2022)

END.
