#
# There is insufficient memory for the Java Runtime Environment to continue.
# Native memory allocation (malloc) failed to allocate 1308176 bytes. Error detail: Chunk::new
# Possible reasons:
#   The system is out of physical RAM or swap space
#   This process is running with CompressedOops enabled, and the Java Heap may be blocking the growth of the native heap
# Possible solutions:
#   Reduce memory load on the system
#   Increase physical memory or swap space
#   Check if swap backing store is full
#   Decrease Java heap size (-Xmx/-Xms)
#   Decrease number of Java threads
#   Decrease Java thread stack sizes (-Xss)
#   Set larger code cache with -XX:ReservedCodeCacheSize=
#   JVM is running with Unscaled Compressed Oops mode in which the Java heap is
#     placed in the first 4GB address space. The Java Heap base address is the
#     maximum limit for the native heap growth. Please use -XX:HeapBaseMinAddress
#     to set the Java Heap base and to place the Java Heap above 4GB virtual address.
# This output file may be truncated or incomplete.
#
#  Out of Memory Error (arena.cpp:168), pid=14656, tid=15064
#
# JRE version: OpenJDK Runtime Environment Temurin-21.0.10+7 (21.0.10+7) (build 21.0.10+7-LTS)
# Java VM: OpenJDK 64-Bit Server VM Temurin-21.0.10+7 (21.0.10+7-LTS, mixed mode, sharing, tiered, compressed oops, compressed class ptrs, g1 gc, windows-amd64)
# No core dump will be written. Minidumps are not enabled by default on client versions of Windows
#

---------------  S U M M A R Y ------------

Command Line: -XX:MaxMetaspaceSize=512m -XX:+HeapDumpOnOutOfMemoryError --add-opens=java.base/java.util=ALL-UNNAMED --add-opens=java.base/java.lang=ALL-UNNAMED --add-opens=java.base/java.lang.invoke=ALL-UNNAMED --add-opens=java.prefs/java.util.prefs=ALL-UNNAMED --add-exports=jdk.compiler/com.sun.tools.javac.api=ALL-UNNAMED --add-exports=jdk.compiler/com.sun.tools.javac.util=ALL-UNNAMED --add-opens=java.base/java.nio.charset=ALL-UNNAMED --add-opens=java.base/java.net=ALL-UNNAMED --add-opens=java.base/java.util.concurrent.atomic=ALL-UNNAMED -Xmx2g -Dfile.encoding=utf8 -Duser.country=US -Duser.language=en -Duser.variant -javaagent:C:\Users\DELL LATITUDE 3390\.gradle\wrapper\dists\gradle-8.10-all\3ym48ijgw9iixtry4iwty4ydy\gradle-8.10\lib\agents\gradle-instrumentation-agent-8.10.jar org.gradle.launcher.daemon.bootstrap.GradleDaemon 8.10

Host: Intel(R) Core(TM) i5-8250U CPU @ 1.60GHz, 8 cores, 15G,  Windows 11 , 64 bit Build 26100 (10.0.26100.7705)
Time: Fri Feb 27 01:15:36 2026 Greenwich Standard Time elapsed time: 8.850159 seconds (0d 0h 0m 8s)

---------------  T H R E A D  ---------------

Current thread (0x0000019ebe71be10):  JavaThread "C2 CompilerThread1" daemon [_thread_in_native, id=15064, stack(0x00000080ff700000,0x00000080ff800000) (1024K)]


Current CompileTask:
C2:8850 2951   !   4       java.net.URLClassLoader::findClass (47 bytes)

Stack: [0x00000080ff700000,0x00000080ff800000]
Native frames: (J=compiled Java code, j=interpreted, Vv=VM code, C=native code)
V  [jvm.dll+0x6d7a39]
V  [jvm.dll+0x8b4b26]
V  [jvm.dll+0x8b70de]
V  [jvm.dll+0x8b77c3]
V  [jvm.dll+0x284346]
V  [jvm.dll+0xc66ed]
V  [jvm.dll+0xc6c31]
V  [jvm.dll+0x3bec01]
V  [jvm.dll+0x1e3d62]
V  [jvm.dll+0x24c6b3]
V  [jvm.dll+0x24bb40]
V  [jvm.dll+0x1cb34e]
V  [jvm.dll+0x25b85d]
V  [jvm.dll+0x259dea]
V  [jvm.dll+0x3f857e]
V  [jvm.dll+0x85f59d]
V  [jvm.dll+0x6d626d]
C  [ucrtbase.dll+0x37b0]
C  [KERNEL32.DLL+0x2e8d7]
C  [ntdll.dll+0x8c40c]


---------------  P R O C E S S  ---------------

Threads class SMR info:
_java_thread_list=0x0000019ebe8dcea0, length=25, elements={
0x0000019e8460d010, 0x0000019e9e15b830, 0x0000019e9e15ce00, 0x0000019e9e15fcb0,
0x0000019e9e160710, 0x0000019e9e162480, 0x0000019e9e163b80, 0x0000019e9e166c30,
0x0000019e9e16d8f0, 0x0000019e9e4d3d70, 0x0000019e9e3eb230, 0x0000019ebf0f5100,
0x0000019ebe7fb630, 0x0000019ebf23fa50, 0x0000019ebe408150, 0x0000019ebf21b040,
0x0000019ebf373060, 0x0000019ebf295300, 0x0000019ebf292ba0, 0x0000019ebf2938c0,
0x0000019ebf295990, 0x0000019ebf293f50, 0x0000019ebf2945e0, 0x0000019ebf294c70,
0x0000019ebe71be10
}

Java Threads: ( => current thread )
  0x0000019e8460d010 JavaThread "main"                              [_thread_blocked, id=12444, stack(0x00000080fd300000,0x00000080fd400000) (1024K)]
  0x0000019e9e15b830 JavaThread "Reference Handler"          daemon [_thread_blocked, id=20240, stack(0x00000080fdb00000,0x00000080fdc00000) (1024K)]
  0x0000019e9e15ce00 JavaThread "Finalizer"                  daemon [_thread_blocked, id=21488, stack(0x00000080fdc00000,0x00000080fdd00000) (1024K)]
  0x0000019e9e15fcb0 JavaThread "Signal Dispatcher"          daemon [_thread_blocked, id=5424, stack(0x00000080fdd00000,0x00000080fde00000) (1024K)]
  0x0000019e9e160710 JavaThread "Attach Listener"            daemon [_thread_blocked, id=6708, stack(0x00000080fde00000,0x00000080fdf00000) (1024K)]
  0x0000019e9e162480 JavaThread "Service Thread"             daemon [_thread_blocked, id=11256, stack(0x00000080fdf00000,0x00000080fe000000) (1024K)]
  0x0000019e9e163b80 JavaThread "Monitor Deflation Thread"   daemon [_thread_blocked, id=7384, stack(0x00000080fe000000,0x00000080fe100000) (1024K)]
  0x0000019e9e166c30 JavaThread "C2 CompilerThread0"         daemon [_thread_in_native, id=1412, stack(0x00000080fe100000,0x00000080fe200000) (1024K)]
  0x0000019e9e16d8f0 JavaThread "C1 CompilerThread0"         daemon [_thread_blocked, id=1652, stack(0x00000080fe200000,0x00000080fe300000) (1024K)]
  0x0000019e9e4d3d70 JavaThread "Common-Cleaner"             daemon [_thread_blocked, id=24704, stack(0x00000080fe300000,0x00000080fe400000) (1024K)]
  0x0000019e9e3eb230 JavaThread "Notification Thread"        daemon [_thread_blocked, id=24448, stack(0x00000080fe400000,0x00000080fe500000) (1024K)]
  0x0000019ebf0f5100 JavaThread "Daemon health stats"               [_thread_blocked, id=24788, stack(0x00000080fe500000,0x00000080fe600000) (1024K)]
  0x0000019ebe7fb630 JavaThread "Incoming local TCP Connector on port 51505"        [_thread_in_native, id=9492, stack(0x00000080fe600000,0x00000080fe700000) (1024K)]
  0x0000019ebf23fa50 JavaThread "Daemon periodic checks"            [_thread_blocked, id=7048, stack(0x00000080fed00000,0x00000080fee00000) (1024K)]
  0x0000019ebe408150 JavaThread "Daemon"                            [_thread_blocked, id=6424, stack(0x00000080fec00000,0x00000080fed00000) (1024K)]
  0x0000019ebf21b040 JavaThread "Handler for socket connection from /127.0.0.1:51505 to /127.0.0.1:51506"        [_thread_in_native, id=25156, stack(0x00000080fee00000,0x00000080fef00000) (1024K)]
  0x0000019ebf373060 JavaThread "Cancel handler"                    [_thread_blocked, id=10220, stack(0x00000080fef00000,0x00000080ff000000) (1024K)]
  0x0000019ebf295300 JavaThread "Daemon worker"                     [_thread_in_vm, id=25568, stack(0x00000080ff000000,0x00000080ff100000) (1024K)]
  0x0000019ebf292ba0 JavaThread "Asynchronous log dispatcher for DefaultDaemonConnection: socket connection from /127.0.0.1:51505 to /127.0.0.1:51506"        [_thread_blocked, id=5624, stack(0x00000080ff100000,0x00000080ff200000) (1024K)]
  0x0000019ebf2938c0 JavaThread "Stdin handler"                     [_thread_blocked, id=23488, stack(0x00000080ff200000,0x00000080ff300000) (1024K)]
  0x0000019ebf295990 JavaThread "Daemon client event forwarder"        [_thread_blocked, id=15744, stack(0x00000080ff300000,0x00000080ff400000) (1024K)]
  0x0000019ebf293f50 JavaThread "Cache worker for journal cache (C:\Users\DELL LATITUDE 3390\.gradle\caches\journal-1)"        [_thread_blocked, id=4840, stack(0x00000080ff500000,0x00000080ff600000) (1024K)]
  0x0000019ebf2945e0 JavaThread "File lock request listener"        [_thread_in_native, id=2368, stack(0x00000080ff600000,0x00000080ff700000) (1024K)]
  0x0000019ebf294c70 JavaThread "Cache worker for file hash cache (C:\Users\DELL LATITUDE 3390\.gradle\caches\8.10\fileHashes)"        [_thread_blocked, id=21124, stack(0x00000080ff400000,0x00000080ff500000) (1024K)]
=>0x0000019ebe71be10 JavaThread "C2 CompilerThread1"         daemon [_thread_in_native, id=15064, stack(0x00000080ff700000,0x00000080ff800000) (1024K)]
Total: 25

Other Threads:
  0x0000019e9e13e820 VMThread "VM Thread"                           [id=11100, stack(0x00000080fda00000,0x00000080fdb00000) (1024K)]
  0x0000019e9e1322f0 WatcherThread "VM Periodic Task Thread"        [id=10896, stack(0x00000080fd900000,0x00000080fda00000) (1024K)]
  0x0000019e846ce030 WorkerThread "GC Thread#0"                     [id=15252, stack(0x00000080fd400000,0x00000080fd500000) (1024K)]
  0x0000019e9e719d60 WorkerThread "GC Thread#1"                     [id=25328, stack(0x00000080fe700000,0x00000080fe800000) (1024K)]
  0x0000019e9e71a110 WorkerThread "GC Thread#2"                     [id=23756, stack(0x00000080fe800000,0x00000080fe900000) (1024K)]
  0x0000019e9e71a4c0 WorkerThread "GC Thread#3"                     [id=20036, stack(0x00000080fe900000,0x00000080fea00000) (1024K)]
  0x0000019e9ea3e6b0 WorkerThread "GC Thread#4"                     [id=21860, stack(0x00000080fea00000,0x00000080feb00000) (1024K)]
  0x0000019e9ea3ea60 WorkerThread "GC Thread#5"                     [id=7560, stack(0x00000080feb00000,0x00000080fec00000) (1024K)]
  0x0000019e8496dbb0 ConcurrentGCThread "G1 Main Marker"            [id=2080, stack(0x00000080fd500000,0x00000080fd600000) (1024K)]
  0x0000019e8496f380 WorkerThread "G1 Conc#0"                       [id=5336, stack(0x00000080fd600000,0x00000080fd700000) (1024K)]
  0x0000019e9e082aa0 ConcurrentGCThread "G1 Refine#0"               [id=22800, stack(0x00000080fd700000,0x00000080fd800000) (1024K)]
  0x0000019e9e0832d0 ConcurrentGCThread "G1 Service"                [id=12544, stack(0x00000080fd800000,0x00000080fd900000) (1024K)]
Total: 12

Threads with active compile tasks:
C2 CompilerThread0  8894 2957       4       java.util.HashMap::putVal (300 bytes)
C2 CompilerThread1  8894 2951   !   4       java.net.URLClassLoader::findClass (47 bytes)
Total: 2

VM state: not at safepoint (normal execution)

VM Mutex/Monitor currently owned by a thread: None

Heap address: 0x0000000080000000, size: 2048 MB, Compressed Oops mode: 32-bit

CDS archive(s) mapped at: [0x0000019e9f000000-0x0000019e9fba0000-0x0000019e9fba0000), size 12189696, SharedBaseAddress: 0x0000019e9f000000, ArchiveRelocationMode: 1.
Compressed class space mapped at: 0x0000019ea0000000-0x0000019eba000000, reserved size: 436207616
Narrow klass base: 0x0000019e9f000000, Narrow klass shift: 0, Narrow klass range: 0x100000000

GC Precious Log:
 CardTable entry size: 512
 Card Set container configuration: InlinePtr #cards 5 size 8 Array Of Cards #cards 12 size 40 Howl #buckets 4 coarsen threshold 1843 Howl Bitmap #cards 512 size 80 coarsen threshold 460 Card regions per heap region 1 cards per card region 2048
 CPUs: 8 total, 8 available
 Memory: 16250M
 Large Page Support: Disabled
 NUMA Support: Disabled
 Compressed Oops: Enabled (32-bit)
 Heap Region Size: 1M
 Heap Min Capacity: 8M
 Heap Initial Capacity: 254M
 Heap Max Capacity: 2G
 Pre-touch: Disabled
 Parallel Workers: 8
 Concurrent Workers: 2
 Concurrent Refinement Workers: 8
 Periodic GC: Disabled

Heap:
 garbage-first heap   total 260096K, used 105857K [0x0000000080000000, 0x0000000100000000)
  region size 1024K, 94 young (96256K), 7 survivors (7168K)
 Metaspace       used 20423K, committed 21120K, reserved 491520K
  class space    used 3006K, committed 3328K, reserved 425984K

Heap Regions: E=young(eden), S=young(survivor), O=old, HS=humongous(starts), HC=humongous(continues), CS=collection set, F=free, TAMS=top-at-mark-start, PB=parsable bottom
|   0|0x0000000080000000, 0x0000000080100000, 0x0000000080100000|100%| O|  |TAMS 0x0000000080000000| PB 0x0000000080000000| Untracked 
|   1|0x0000000080100000, 0x0000000080200000, 0x0000000080200000|100%| O|  |TAMS 0x0000000080100000| PB 0x0000000080100000| Untracked 
|   2|0x0000000080200000, 0x0000000080300000, 0x0000000080300000|100%|HS|  |TAMS 0x0000000080200000| PB 0x0000000080200000| Complete 
|   3|0x0000000080300000, 0x0000000080400000, 0x0000000080400000|100%|HC|  |TAMS 0x0000000080300000| PB 0x0000000080300000| Complete 
|   4|0x0000000080400000, 0x0000000080500000, 0x0000000080500000|100%|HC|  |TAMS 0x0000000080400000| PB 0x0000000080400000| Complete 
|   5|0x0000000080500000, 0x0000000080600000, 0x0000000080600000|100%|HC|  |TAMS 0x0000000080500000| PB 0x0000000080500000| Complete 
|   6|0x0000000080600000, 0x0000000080700000, 0x0000000080700000|100%| O|  |TAMS 0x0000000080600000| PB 0x0000000080600000| Untracked 
|   7|0x0000000080700000, 0x0000000080800000, 0x0000000080800000|100%|HS|  |TAMS 0x0000000080700000| PB 0x0000000080700000| Complete 
|   8|0x0000000080800000, 0x0000000080800000, 0x0000000080900000|  0%| F|  |TAMS 0x0000000080800000| PB 0x0000000080800000| Untracked 
|   9|0x0000000080900000, 0x0000000080a00000, 0x0000000080a00000|100%| O|  |TAMS 0x0000000080900000| PB 0x0000000080900000| Untracked 
|  10|0x0000000080a00000, 0x0000000080b00000, 0x0000000080b00000|100%| O|  |TAMS 0x0000000080a00000| PB 0x0000000080a00000| Untracked 
|  11|0x0000000080b00000, 0x0000000080b60648, 0x0000000080c00000| 37%| O|  |TAMS 0x0000000080b00000| PB 0x0000000080b00000| Untracked 
|  12|0x0000000080c00000, 0x0000000080c00000, 0x0000000080d00000|  0%| F|  |TAMS 0x0000000080c00000| PB 0x0000000080c00000| Untracked 
|  13|0x0000000080d00000, 0x0000000080d00000, 0x0000000080e00000|  0%| F|  |TAMS 0x0000000080d00000| PB 0x0000000080d00000| Untracked 
|  14|0x0000000080e00000, 0x0000000080e00000, 0x0000000080f00000|  0%| F|  |TAMS 0x0000000080e00000| PB 0x0000000080e00000| Untracked 
|  15|0x0000000080f00000, 0x0000000080f00000, 0x0000000081000000|  0%| F|  |TAMS 0x0000000080f00000| PB 0x0000000080f00000| Untracked 
|  16|0x0000000081000000, 0x0000000081000000, 0x0000000081100000|  0%| F|  |TAMS 0x0000000081000000| PB 0x0000000081000000| Untracked 
|  17|0x0000000081100000, 0x0000000081100000, 0x0000000081200000|  0%| F|  |TAMS 0x0000000081100000| PB 0x0000000081100000| Untracked 
|  18|0x0000000081200000, 0x0000000081200000, 0x0000000081300000|  0%| F|  |TAMS 0x0000000081200000| PB 0x0000000081200000| Untracked 
|  19|0x0000000081300000, 0x0000000081300000, 0x0000000081400000|  0%| F|  |TAMS 0x0000000081300000| PB 0x0000000081300000| Untracked 
|  20|0x0000000081400000, 0x0000000081400000, 0x0000000081500000|  0%| F|  |TAMS 0x0000000081400000| PB 0x0000000081400000| Untracked 
|  21|0x0000000081500000, 0x0000000081500000, 0x0000000081600000|  0%| F|  |TAMS 0x0000000081500000| PB 0x0000000081500000| Untracked 
|  22|0x0000000081600000, 0x0000000081600000, 0x0000000081700000|  0%| F|  |TAMS 0x0000000081600000| PB 0x0000000081600000| Untracked 
|  23|0x0000000081700000, 0x0000000081700000, 0x0000000081800000|  0%| F|  |TAMS 0x0000000081700000| PB 0x0000000081700000| Untracked 
|  24|0x0000000081800000, 0x0000000081800000, 0x0000000081900000|  0%| F|  |TAMS 0x0000000081800000| PB 0x0000000081800000| Untracked 
|  25|0x0000000081900000, 0x0000000081900000, 0x0000000081a00000|  0%| F|  |TAMS 0x0000000081900000| PB 0x0000000081900000| Untracked 
|  26|0x0000000081a00000, 0x0000000081a00000, 0x0000000081b00000|  0%| F|  |TAMS 0x0000000081a00000| PB 0x0000000081a00000| Untracked 
|  27|0x0000000081b00000, 0x0000000081b00000, 0x0000000081c00000|  0%| F|  |TAMS 0x0000000081b00000| PB 0x0000000081b00000| Untracked 
|  28|0x0000000081c00000, 0x0000000081c00000, 0x0000000081d00000|  0%| F|  |TAMS 0x0000000081c00000| PB 0x0000000081c00000| Untracked 
|  29|0x0000000081d00000, 0x0000000081d00000, 0x0000000081e00000|  0%| F|  |TAMS 0x0000000081d00000| PB 0x0000000081d00000| Untracked 
|  30|0x0000000081e00000, 0x0000000081e00000, 0x0000000081f00000|  0%| F|  |TAMS 0x0000000081e00000| PB 0x0000000081e00000| Untracked 
|  31|0x0000000081f00000, 0x0000000081f00000, 0x0000000082000000|  0%| F|  |TAMS 0x0000000081f00000| PB 0x0000000081f00000| Untracked 
|  32|0x0000000082000000, 0x0000000082000000, 0x0000000082100000|  0%| F|  |TAMS 0x0000000082000000| PB 0x0000000082000000| Untracked 
|  33|0x0000000082100000, 0x0000000082100000, 0x0000000082200000|  0%| F|  |TAMS 0x0000000082100000| PB 0x0000000082100000| Untracked 
|  34|0x0000000082200000, 0x0000000082200000, 0x0000000082300000|  0%| F|  |TAMS 0x0000000082200000| PB 0x0000000082200000| Untracked 
|  35|0x0000000082300000, 0x0000000082300000, 0x0000000082400000|  0%| F|  |TAMS 0x0000000082300000| PB 0x0000000082300000| Untracked 
|  36|0x0000000082400000, 0x0000000082400000, 0x0000000082500000|  0%| F|  |TAMS 0x0000000082400000| PB 0x0000000082400000| Untracked 
|  37|0x0000000082500000, 0x0000000082500000, 0x0000000082600000|  0%| F|  |TAMS 0x0000000082500000| PB 0x0000000082500000| Untracked 
|  38|0x0000000082600000, 0x0000000082600000, 0x0000000082700000|  0%| F|  |TAMS 0x0000000082600000| PB 0x0000000082600000| Untracked 
|  39|0x0000000082700000, 0x0000000082700000, 0x0000000082800000|  0%| F|  |TAMS 0x0000000082700000| PB 0x0000000082700000| Untracked 
|  40|0x0000000082800000, 0x0000000082800000, 0x0000000082900000|  0%| F|  |TAMS 0x0000000082800000| PB 0x0000000082800000| Untracked 
|  41|0x0000000082900000, 0x0000000082900000, 0x0000000082a00000|  0%| F|  |TAMS 0x0000000082900000| PB 0x0000000082900000| Untracked 
|  42|0x0000000082a00000, 0x0000000082a00000, 0x0000000082b00000|  0%| F|  |TAMS 0x0000000082a00000| PB 0x0000000082a00000| Untracked 
|  43|0x0000000082b00000, 0x0000000082b00000, 0x0000000082c00000|  0%| F|  |TAMS 0x0000000082b00000| PB 0x0000000082b00000| Untracked 
|  44|0x0000000082c00000, 0x0000000082c00000, 0x0000000082d00000|  0%| F|  |TAMS 0x0000000082c00000| PB 0x0000000082c00000| Untracked 
|  45|0x0000000082d00000, 0x0000000082d00000, 0x0000000082e00000|  0%| F|  |TAMS 0x0000000082d00000| PB 0x0000000082d00000| Untracked 
|  46|0x0000000082e00000, 0x0000000082e00000, 0x0000000082f00000|  0%| F|  |TAMS 0x0000000082e00000| PB 0x0000000082e00000| Untracked 
|  47|0x0000000082f00000, 0x0000000082f00000, 0x0000000083000000|  0%| F|  |TAMS 0x0000000082f00000| PB 0x0000000082f00000| Untracked 
|  48|0x0000000083000000, 0x0000000083000000, 0x0000000083100000|  0%| F|  |TAMS 0x0000000083000000| PB 0x0000000083000000| Untracked 
|  49|0x0000000083100000, 0x0000000083100000, 0x0000000083200000|  0%| F|  |TAMS 0x0000000083100000| PB 0x0000000083100000| Untracked 
|  50|0x0000000083200000, 0x0000000083200000, 0x0000000083300000|  0%| F|  |TAMS 0x0000000083200000| PB 0x0000000083200000| Untracked 
|  51|0x0000000083300000, 0x0000000083300000, 0x0000000083400000|  0%| F|  |TAMS 0x0000000083300000| PB 0x0000000083300000| Untracked 
|  52|0x0000000083400000, 0x0000000083400000, 0x0000000083500000|  0%| F|  |TAMS 0x0000000083400000| PB 0x0000000083400000| Untracked 
|  53|0x0000000083500000, 0x0000000083500000, 0x0000000083600000|  0%| F|  |TAMS 0x0000000083500000| PB 0x0000000083500000| Untracked 
|  54|0x0000000083600000, 0x0000000083600000, 0x0000000083700000|  0%| F|  |TAMS 0x0000000083600000| PB 0x0000000083600000| Untracked 
|  55|0x0000000083700000, 0x0000000083700000, 0x0000000083800000|  0%| F|  |TAMS 0x0000000083700000| PB 0x0000000083700000| Untracked 
|  56|0x0000000083800000, 0x0000000083800000, 0x0000000083900000|  0%| F|  |TAMS 0x0000000083800000| PB 0x0000000083800000| Untracked 
|  57|0x0000000083900000, 0x0000000083900000, 0x0000000083a00000|  0%| F|  |TAMS 0x0000000083900000| PB 0x0000000083900000| Untracked 
|  58|0x0000000083a00000, 0x0000000083a00000, 0x0000000083b00000|  0%| F|  |TAMS 0x0000000083a00000| PB 0x0000000083a00000| Untracked 
|  59|0x0000000083b00000, 0x0000000083b00000, 0x0000000083c00000|  0%| F|  |TAMS 0x0000000083b00000| PB 0x0000000083b00000| Untracked 
|  60|0x0000000083c00000, 0x0000000083c00000, 0x0000000083d00000|  0%| F|  |TAMS 0x0000000083c00000| PB 0x0000000083c00000| Untracked 
|  61|0x0000000083d00000, 0x0000000083d00000, 0x0000000083e00000|  0%| F|  |TAMS 0x0000000083d00000| PB 0x0000000083d00000| Untracked 
|  62|0x0000000083e00000, 0x0000000083e00000, 0x0000000083f00000|  0%| F|  |TAMS 0x0000000083e00000| PB 0x0000000083e00000| Untracked 
|  63|0x0000000083f00000, 0x0000000083f00000, 0x0000000084000000|  0%| F|  |TAMS 0x0000000083f00000| PB 0x0000000083f00000| Untracked 
|  64|0x0000000084000000, 0x0000000084000000, 0x0000000084100000|  0%| F|  |TAMS 0x0000000084000000| PB 0x0000000084000000| Untracked 
|  65|0x0000000084100000, 0x0000000084100000, 0x0000000084200000|  0%| F|  |TAMS 0x0000000084100000| PB 0x0000000084100000| Untracked 
|  66|0x0000000084200000, 0x0000000084200000, 0x0000000084300000|  0%| F|  |TAMS 0x0000000084200000| PB 0x0000000084200000| Untracked 
|  67|0x0000000084300000, 0x0000000084300000, 0x0000000084400000|  0%| F|  |TAMS 0x0000000084300000| PB 0x0000000084300000| Untracked 
|  68|0x0000000084400000, 0x0000000084400000, 0x0000000084500000|  0%| F|  |TAMS 0x0000000084400000| PB 0x0000000084400000| Untracked 
|  69|0x0000000084500000, 0x0000000084500000, 0x0000000084600000|  0%| F|  |TAMS 0x0000000084500000| PB 0x0000000084500000| Untracked 
|  70|0x0000000084600000, 0x0000000084600000, 0x0000000084700000|  0%| F|  |TAMS 0x0000000084600000| PB 0x0000000084600000| Untracked 
|  71|0x0000000084700000, 0x0000000084700000, 0x0000000084800000|  0%| F|  |TAMS 0x0000000084700000| PB 0x0000000084700000| Untracked 
|  72|0x0000000084800000, 0x0000000084800000, 0x0000000084900000|  0%| F|  |TAMS 0x0000000084800000| PB 0x0000000084800000| Untracked 
|  73|0x0000000084900000, 0x0000000084900000, 0x0000000084a00000|  0%| F|  |TAMS 0x0000000084900000| PB 0x0000000084900000| Untracked 
|  74|0x0000000084a00000, 0x0000000084a00000, 0x0000000084b00000|  0%| F|  |TAMS 0x0000000084a00000| PB 0x0000000084a00000| Untracked 
|  75|0x0000000084b00000, 0x0000000084b00000, 0x0000000084c00000|  0%| F|  |TAMS 0x0000000084b00000| PB 0x0000000084b00000| Untracked 
|  76|0x0000000084c00000, 0x0000000084c00000, 0x0000000084d00000|  0%| F|  |TAMS 0x0000000084c00000| PB 0x0000000084c00000| Untracked 
|  77|0x0000000084d00000, 0x0000000084d00000, 0x0000000084e00000|  0%| F|  |TAMS 0x0000000084d00000| PB 0x0000000084d00000| Untracked 
|  78|0x0000000084e00000, 0x0000000084e00000, 0x0000000084f00000|  0%| F|  |TAMS 0x0000000084e00000| PB 0x0000000084e00000| Untracked 
|  79|0x0000000084f00000, 0x0000000084f00000, 0x0000000085000000|  0%| F|  |TAMS 0x0000000084f00000| PB 0x0000000084f00000| Untracked 
|  80|0x0000000085000000, 0x0000000085000000, 0x0000000085100000|  0%| F|  |TAMS 0x0000000085000000| PB 0x0000000085000000| Untracked 
|  81|0x0000000085100000, 0x0000000085100000, 0x0000000085200000|  0%| F|  |TAMS 0x0000000085100000| PB 0x0000000085100000| Untracked 
|  82|0x0000000085200000, 0x0000000085200000, 0x0000000085300000|  0%| F|  |TAMS 0x0000000085200000| PB 0x0000000085200000| Untracked 
|  83|0x0000000085300000, 0x0000000085300000, 0x0000000085400000|  0%| F|  |TAMS 0x0000000085300000| PB 0x0000000085300000| Untracked 
|  84|0x0000000085400000, 0x0000000085400000, 0x0000000085500000|  0%| F|  |TAMS 0x0000000085400000| PB 0x0000000085400000| Untracked 
|  85|0x0000000085500000, 0x0000000085500000, 0x0000000085600000|  0%| F|  |TAMS 0x0000000085500000| PB 0x0000000085500000| Untracked 
|  86|0x0000000085600000, 0x0000000085600000, 0x0000000085700000|  0%| F|  |TAMS 0x0000000085600000| PB 0x0000000085600000| Untracked 
|  87|0x0000000085700000, 0x0000000085700000, 0x0000000085800000|  0%| F|  |TAMS 0x0000000085700000| PB 0x0000000085700000| Untracked 
|  88|0x0000000085800000, 0x0000000085800000, 0x0000000085900000|  0%| F|  |TAMS 0x0000000085800000| PB 0x0000000085800000| Untracked 
|  89|0x0000000085900000, 0x0000000085900000, 0x0000000085a00000|  0%| F|  |TAMS 0x0000000085900000| PB 0x0000000085900000| Untracked 
|  90|0x0000000085a00000, 0x0000000085a00000, 0x0000000085b00000|  0%| F|  |TAMS 0x0000000085a00000| PB 0x0000000085a00000| Untracked 
|  91|0x0000000085b00000, 0x0000000085b00000, 0x0000000085c00000|  0%| F|  |TAMS 0x0000000085b00000| PB 0x0000000085b00000| Untracked 
|  92|0x0000000085c00000, 0x0000000085c00000, 0x0000000085d00000|  0%| F|  |TAMS 0x0000000085c00000| PB 0x0000000085c00000| Untracked 
|  93|0x0000000085d00000, 0x0000000085d00000, 0x0000000085e00000|  0%| F|  |TAMS 0x0000000085d00000| PB 0x0000000085d00000| Untracked 
|  94|0x0000000085e00000, 0x0000000085e00000, 0x0000000085f00000|  0%| F|  |TAMS 0x0000000085e00000| PB 0x0000000085e00000| Untracked 
|  95|0x0000000085f00000, 0x0000000085f00000, 0x0000000086000000|  0%| F|  |TAMS 0x0000000085f00000| PB 0x0000000085f00000| Untracked 
|  96|0x0000000086000000, 0x0000000086000000, 0x0000000086100000|  0%| F|  |TAMS 0x0000000086000000| PB 0x0000000086000000| Untracked 
|  97|0x0000000086100000, 0x0000000086100000, 0x0000000086200000|  0%| F|  |TAMS 0x0000000086100000| PB 0x0000000086100000| Untracked 
|  98|0x0000000086200000, 0x0000000086200000, 0x0000000086300000|  0%| F|  |TAMS 0x0000000086200000| PB 0x0000000086200000| Untracked 
|  99|0x0000000086300000, 0x0000000086300000, 0x0000000086400000|  0%| F|  |TAMS 0x0000000086300000| PB 0x0000000086300000| Untracked 
| 100|0x0000000086400000, 0x0000000086400000, 0x0000000086500000|  0%| F|  |TAMS 0x0000000086400000| PB 0x0000000086400000| Untracked 
| 101|0x0000000086500000, 0x0000000086500000, 0x0000000086600000|  0%| F|  |TAMS 0x0000000086500000| PB 0x0000000086500000| Untracked 
| 102|0x0000000086600000, 0x0000000086600000, 0x0000000086700000|  0%| F|  |TAMS 0x0000000086600000| PB 0x0000000086600000| Untracked 
| 103|0x0000000086700000, 0x0000000086700000, 0x0000000086800000|  0%| F|  |TAMS 0x0000000086700000| PB 0x0000000086700000| Untracked 
| 104|0x0000000086800000, 0x0000000086800000, 0x0000000086900000|  0%| F|  |TAMS 0x0000000086800000| PB 0x0000000086800000| Untracked 
| 105|0x0000000086900000, 0x0000000086900000, 0x0000000086a00000|  0%| F|  |TAMS 0x0000000086900000| PB 0x0000000086900000| Untracked 
| 106|0x0000000086a00000, 0x0000000086a00000, 0x0000000086b00000|  0%| F|  |TAMS 0x0000000086a00000| PB 0x0000000086a00000| Untracked 
| 107|0x0000000086b00000, 0x0000000086b00000, 0x0000000086c00000|  0%| F|  |TAMS 0x0000000086b00000| PB 0x0000000086b00000| Untracked 
| 108|0x0000000086c00000, 0x0000000086c00000, 0x0000000086d00000|  0%| F|  |TAMS 0x0000000086c00000| PB 0x0000000086c00000| Untracked 
| 109|0x0000000086d00000, 0x0000000086d00000, 0x0000000086e00000|  0%| F|  |TAMS 0x0000000086d00000| PB 0x0000000086d00000| Untracked 
| 110|0x0000000086e00000, 0x0000000086e00000, 0x0000000086f00000|  0%| F|  |TAMS 0x0000000086e00000| PB 0x0000000086e00000| Untracked 
| 111|0x0000000086f00000, 0x0000000086f00000, 0x0000000087000000|  0%| F|  |TAMS 0x0000000086f00000| PB 0x0000000086f00000| Untracked 
| 112|0x0000000087000000, 0x0000000087000000, 0x0000000087100000|  0%| F|  |TAMS 0x0000000087000000| PB 0x0000000087000000| Untracked 
| 113|0x0000000087100000, 0x0000000087100000, 0x0000000087200000|  0%| F|  |TAMS 0x0000000087100000| PB 0x0000000087100000| Untracked 
| 114|0x0000000087200000, 0x0000000087200000, 0x0000000087300000|  0%| F|  |TAMS 0x0000000087200000| PB 0x0000000087200000| Untracked 
| 115|0x0000000087300000, 0x0000000087300000, 0x0000000087400000|  0%| F|  |TAMS 0x0000000087300000| PB 0x0000000087300000| Untracked 
| 116|0x0000000087400000, 0x0000000087400000, 0x0000000087500000|  0%| F|  |TAMS 0x0000000087400000| PB 0x0000000087400000| Untracked 
| 117|0x0000000087500000, 0x0000000087500000, 0x0000000087600000|  0%| F|  |TAMS 0x0000000087500000| PB 0x0000000087500000| Untracked 
| 118|0x0000000087600000, 0x0000000087600000, 0x0000000087700000|  0%| F|  |TAMS 0x0000000087600000| PB 0x0000000087600000| Untracked 
| 119|0x0000000087700000, 0x0000000087700000, 0x0000000087800000|  0%| F|  |TAMS 0x0000000087700000| PB 0x0000000087700000| Untracked 
| 120|0x0000000087800000, 0x0000000087800000, 0x0000000087900000|  0%| F|  |TAMS 0x0000000087800000| PB 0x0000000087800000| Untracked 
| 121|0x0000000087900000, 0x0000000087900000, 0x0000000087a00000|  0%| F|  |TAMS 0x0000000087900000| PB 0x0000000087900000| Untracked 
| 122|0x0000000087a00000, 0x0000000087a00000, 0x0000000087b00000|  0%| F|  |TAMS 0x0000000087a00000| PB 0x0000000087a00000| Untracked 
| 123|0x0000000087b00000, 0x0000000087b00000, 0x0000000087c00000|  0%| F|  |TAMS 0x0000000087b00000| PB 0x0000000087b00000| Untracked 
| 124|0x0000000087c00000, 0x0000000087c00000, 0x0000000087d00000|  0%| F|  |TAMS 0x0000000087c00000| PB 0x0000000087c00000| Untracked 
| 125|0x0000000087d00000, 0x0000000087d00000, 0x0000000087e00000|  0%| F|  |TAMS 0x0000000087d00000| PB 0x0000000087d00000| Untracked 
| 126|0x0000000087e00000, 0x0000000087e00000, 0x0000000087f00000|  0%| F|  |TAMS 0x0000000087e00000| PB 0x0000000087e00000| Untracked 
| 127|0x0000000087f00000, 0x0000000087f00000, 0x0000000088000000|  0%| F|  |TAMS 0x0000000087f00000| PB 0x0000000087f00000| Untracked 
| 128|0x0000000088000000, 0x0000000088000000, 0x0000000088100000|  0%| F|  |TAMS 0x0000000088000000| PB 0x0000000088000000| Untracked 
| 129|0x0000000088100000, 0x0000000088100000, 0x0000000088200000|  0%| F|  |TAMS 0x0000000088100000| PB 0x0000000088100000| Untracked 
| 130|0x0000000088200000, 0x0000000088200000, 0x0000000088300000|  0%| F|  |TAMS 0x0000000088200000| PB 0x0000000088200000| Untracked 
| 131|0x0000000088300000, 0x0000000088300000, 0x0000000088400000|  0%| F|  |TAMS 0x0000000088300000| PB 0x0000000088300000| Untracked 
| 132|0x0000000088400000, 0x0000000088400000, 0x0000000088500000|  0%| F|  |TAMS 0x0000000088400000| PB 0x0000000088400000| Untracked 
| 133|0x0000000088500000, 0x0000000088500000, 0x0000000088600000|  0%| F|  |TAMS 0x0000000088500000| PB 0x0000000088500000| Untracked 
| 134|0x0000000088600000, 0x0000000088600000, 0x0000000088700000|  0%| F|  |TAMS 0x0000000088600000| PB 0x0000000088600000| Untracked 
| 135|0x0000000088700000, 0x0000000088700000, 0x0000000088800000|  0%| F|  |TAMS 0x0000000088700000| PB 0x0000000088700000| Untracked 
| 136|0x0000000088800000, 0x0000000088800000, 0x0000000088900000|  0%| F|  |TAMS 0x0000000088800000| PB 0x0000000088800000| Untracked 
| 137|0x0000000088900000, 0x0000000088900000, 0x0000000088a00000|  0%| F|  |TAMS 0x0000000088900000| PB 0x0000000088900000| Untracked 
| 138|0x0000000088a00000, 0x0000000088a00000, 0x0000000088b00000|  0%| F|  |TAMS 0x0000000088a00000| PB 0x0000000088a00000| Untracked 
| 139|0x0000000088b00000, 0x0000000088b00000, 0x0000000088c00000|  0%| F|  |TAMS 0x0000000088b00000| PB 0x0000000088b00000| Untracked 
| 140|0x0000000088c00000, 0x0000000088c00000, 0x0000000088d00000|  0%| F|  |TAMS 0x0000000088c00000| PB 0x0000000088c00000| Untracked 
| 141|0x0000000088d00000, 0x0000000088d00000, 0x0000000088e00000|  0%| F|  |TAMS 0x0000000088d00000| PB 0x0000000088d00000| Untracked 
| 142|0x0000000088e00000, 0x0000000088e00000, 0x0000000088f00000|  0%| F|  |TAMS 0x0000000088e00000| PB 0x0000000088e00000| Untracked 
| 143|0x0000000088f00000, 0x0000000088f00000, 0x0000000089000000|  0%| F|  |TAMS 0x0000000088f00000| PB 0x0000000088f00000| Untracked 
| 144|0x0000000089000000, 0x0000000089000000, 0x0000000089100000|  0%| F|  |TAMS 0x0000000089000000| PB 0x0000000089000000| Untracked 
| 145|0x0000000089100000, 0x0000000089100000, 0x0000000089200000|  0%| F|  |TAMS 0x0000000089100000| PB 0x0000000089100000| Untracked 
| 146|0x0000000089200000, 0x0000000089200000, 0x0000000089300000|  0%| F|  |TAMS 0x0000000089200000| PB 0x0000000089200000| Untracked 
| 147|0x0000000089300000, 0x0000000089300000, 0x0000000089400000|  0%| F|  |TAMS 0x0000000089300000| PB 0x0000000089300000| Untracked 
| 148|0x0000000089400000, 0x0000000089400000, 0x0000000089500000|  0%| F|  |TAMS 0x0000000089400000| PB 0x0000000089400000| Untracked 
| 149|0x0000000089500000, 0x0000000089500000, 0x0000000089600000|  0%| F|  |TAMS 0x0000000089500000| PB 0x0000000089500000| Untracked 
| 150|0x0000000089600000, 0x0000000089600000, 0x0000000089700000|  0%| F|  |TAMS 0x0000000089600000| PB 0x0000000089600000| Untracked 
| 151|0x0000000089700000, 0x0000000089700000, 0x0000000089800000|  0%| F|  |TAMS 0x0000000089700000| PB 0x0000000089700000| Untracked 
| 152|0x0000000089800000, 0x0000000089800000, 0x0000000089900000|  0%| F|  |TAMS 0x0000000089800000| PB 0x0000000089800000| Untracked 
| 153|0x0000000089900000, 0x0000000089900000, 0x0000000089a00000|  0%| F|  |TAMS 0x0000000089900000| PB 0x0000000089900000| Untracked 
| 154|0x0000000089a00000, 0x0000000089a00000, 0x0000000089b00000|  0%| F|  |TAMS 0x0000000089a00000| PB 0x0000000089a00000| Untracked 
| 155|0x0000000089b00000, 0x0000000089b00000, 0x0000000089c00000|  0%| F|  |TAMS 0x0000000089b00000| PB 0x0000000089b00000| Untracked 
| 156|0x0000000089c00000, 0x0000000089c00000, 0x0000000089d00000|  0%| F|  |TAMS 0x0000000089c00000| PB 0x0000000089c00000| Untracked 
| 157|0x0000000089d00000, 0x0000000089d00000, 0x0000000089e00000|  0%| F|  |TAMS 0x0000000089d00000| PB 0x0000000089d00000| Untracked 
| 158|0x0000000089e00000, 0x0000000089e00000, 0x0000000089f00000|  0%| F|  |TAMS 0x0000000089e00000| PB 0x0000000089e00000| Untracked 
| 159|0x0000000089f00000, 0x0000000089f00000, 0x000000008a000000|  0%| F|  |TAMS 0x0000000089f00000| PB 0x0000000089f00000| Untracked 
| 160|0x000000008a000000, 0x000000008a080000, 0x000000008a100000| 50%| E|  |TAMS 0x000000008a000000| PB 0x000000008a000000| Complete 
| 161|0x000000008a100000, 0x000000008a200000, 0x000000008a200000|100%| E|CS|TAMS 0x000000008a100000| PB 0x000000008a100000| Complete 
| 162|0x000000008a200000, 0x000000008a300000, 0x000000008a300000|100%| E|CS|TAMS 0x000000008a200000| PB 0x000000008a200000| Complete 
| 163|0x000000008a300000, 0x000000008a400000, 0x000000008a400000|100%| E|CS|TAMS 0x000000008a300000| PB 0x000000008a300000| Complete 
| 164|0x000000008a400000, 0x000000008a500000, 0x000000008a500000|100%| E|CS|TAMS 0x000000008a400000| PB 0x000000008a400000| Complete 
| 165|0x000000008a500000, 0x000000008a600000, 0x000000008a600000|100%| E|CS|TAMS 0x000000008a500000| PB 0x000000008a500000| Complete 
| 166|0x000000008a600000, 0x000000008a700000, 0x000000008a700000|100%| E|CS|TAMS 0x000000008a600000| PB 0x000000008a600000| Complete 
| 167|0x000000008a700000, 0x000000008a800000, 0x000000008a800000|100%| E|CS|TAMS 0x000000008a700000| PB 0x000000008a700000| Complete 
| 168|0x000000008a800000, 0x000000008a900000, 0x000000008a900000|100%| E|CS|TAMS 0x000000008a800000| PB 0x000000008a800000| Complete 
| 169|0x000000008a900000, 0x000000008aa00000, 0x000000008aa00000|100%| E|CS|TAMS 0x000000008a900000| PB 0x000000008a900000| Complete 
| 170|0x000000008aa00000, 0x000000008ab00000, 0x000000008ab00000|100%| E|CS|TAMS 0x000000008aa00000| PB 0x000000008aa00000| Complete 
| 171|0x000000008ab00000, 0x000000008ac00000, 0x000000008ac00000|100%| E|CS|TAMS 0x000000008ab00000| PB 0x000000008ab00000| Complete 
| 172|0x000000008ac00000, 0x000000008ad00000, 0x000000008ad00000|100%| E|CS|TAMS 0x000000008ac00000| PB 0x000000008ac00000| Complete 
| 173|0x000000008ad00000, 0x000000008ae00000, 0x000000008ae00000|100%| E|CS|TAMS 0x000000008ad00000| PB 0x000000008ad00000| Complete 
| 174|0x000000008ae00000, 0x000000008af00000, 0x000000008af00000|100%| E|CS|TAMS 0x000000008ae00000| PB 0x000000008ae00000| Complete 
| 175|0x000000008af00000, 0x000000008b000000, 0x000000008b000000|100%| E|CS|TAMS 0x000000008af00000| PB 0x000000008af00000| Complete 
| 176|0x000000008b000000, 0x000000008b100000, 0x000000008b100000|100%| E|CS|TAMS 0x000000008b000000| PB 0x000000008b000000| Complete 
| 177|0x000000008b100000, 0x000000008b200000, 0x000000008b200000|100%| E|CS|TAMS 0x000000008b100000| PB 0x000000008b100000| Complete 
| 178|0x000000008b200000, 0x000000008b300000, 0x000000008b300000|100%| E|CS|TAMS 0x000000008b200000| PB 0x000000008b200000| Complete 
| 179|0x000000008b300000, 0x000000008b400000, 0x000000008b400000|100%| E|CS|TAMS 0x000000008b300000| PB 0x000000008b300000| Complete 
| 180|0x000000008b400000, 0x000000008b500000, 0x000000008b500000|100%| E|CS|TAMS 0x000000008b400000| PB 0x000000008b400000| Complete 
| 181|0x000000008b500000, 0x000000008b600000, 0x000000008b600000|100%| E|CS|TAMS 0x000000008b500000| PB 0x000000008b500000| Complete 
| 182|0x000000008b600000, 0x000000008b700000, 0x000000008b700000|100%| E|CS|TAMS 0x000000008b600000| PB 0x000000008b600000| Complete 
| 183|0x000000008b700000, 0x000000008b800000, 0x000000008b800000|100%| E|CS|TAMS 0x000000008b700000| PB 0x000000008b700000| Complete 
| 184|0x000000008b800000, 0x000000008b900000, 0x000000008b900000|100%| E|CS|TAMS 0x000000008b800000| PB 0x000000008b800000| Complete 
| 185|0x000000008b900000, 0x000000008ba00000, 0x000000008ba00000|100%| E|CS|TAMS 0x000000008b900000| PB 0x000000008b900000| Complete 
| 186|0x000000008ba00000, 0x000000008bb00000, 0x000000008bb00000|100%| E|CS|TAMS 0x000000008ba00000| PB 0x000000008ba00000| Complete 
| 187|0x000000008bb00000, 0x000000008bc00000, 0x000000008bc00000|100%| E|CS|TAMS 0x000000008bb00000| PB 0x000000008bb00000| Complete 
| 188|0x000000008bc00000, 0x000000008bd00000, 0x000000008bd00000|100%| E|CS|TAMS 0x000000008bc00000| PB 0x000000008bc00000| Complete 
| 189|0x000000008bd00000, 0x000000008be00000, 0x000000008be00000|100%| E|CS|TAMS 0x000000008bd00000| PB 0x000000008bd00000| Complete 
| 190|0x000000008be00000, 0x000000008bf00000, 0x000000008bf00000|100%| E|CS|TAMS 0x000000008be00000| PB 0x000000008be00000| Complete 
| 191|0x000000008bf00000, 0x000000008c000000, 0x000000008c000000|100%| E|CS|TAMS 0x000000008bf00000| PB 0x000000008bf00000| Complete 
| 192|0x000000008c000000, 0x000000008c100000, 0x000000008c100000|100%| E|CS|TAMS 0x000000008c000000| PB 0x000000008c000000| Complete 
| 193|0x000000008c100000, 0x000000008c200000, 0x000000008c200000|100%| E|CS|TAMS 0x000000008c100000| PB 0x000000008c100000| Complete 
| 194|0x000000008c200000, 0x000000008c300000, 0x000000008c300000|100%| E|CS|TAMS 0x000000008c200000| PB 0x000000008c200000| Complete 
| 195|0x000000008c300000, 0x000000008c400000, 0x000000008c400000|100%| E|CS|TAMS 0x000000008c300000| PB 0x000000008c300000| Complete 
| 196|0x000000008c400000, 0x000000008c500000, 0x000000008c500000|100%| E|CS|TAMS 0x000000008c400000| PB 0x000000008c400000| Complete 
| 197|0x000000008c500000, 0x000000008c600000, 0x000000008c600000|100%| S|CS|TAMS 0x000000008c500000| PB 0x000000008c500000| Complete 
| 198|0x000000008c600000, 0x000000008c700000, 0x000000008c700000|100%| S|CS|TAMS 0x000000008c600000| PB 0x000000008c600000| Complete 
| 199|0x000000008c700000, 0x000000008c800000, 0x000000008c800000|100%| S|CS|TAMS 0x000000008c700000| PB 0x000000008c700000| Complete 
| 200|0x000000008c800000, 0x000000008c900000, 0x000000008c900000|100%| S|CS|TAMS 0x000000008c800000| PB 0x000000008c800000| Complete 
| 201|0x000000008c900000, 0x000000008ca00000, 0x000000008ca00000|100%| S|CS|TAMS 0x000000008c900000| PB 0x000000008c900000| Complete 
| 202|0x000000008ca00000, 0x000000008cb00000, 0x000000008cb00000|100%| S|CS|TAMS 0x000000008ca00000| PB 0x000000008ca00000| Complete 
| 203|0x000000008cb00000, 0x000000008cc00000, 0x000000008cc00000|100%| S|CS|TAMS 0x000000008cb00000| PB 0x000000008cb00000| Complete 
| 204|0x000000008cc00000, 0x000000008cd00000, 0x000000008cd00000|100%| E|CS|TAMS 0x000000008cc00000| PB 0x000000008cc00000| Complete 
| 205|0x000000008cd00000, 0x000000008ce00000, 0x000000008ce00000|100%| E|CS|TAMS 0x000000008cd00000| PB 0x000000008cd00000| Complete 
| 206|0x000000008ce00000, 0x000000008cf00000, 0x000000008cf00000|100%| E|CS|TAMS 0x000000008ce00000| PB 0x000000008ce00000| Complete 
| 207|0x000000008cf00000, 0x000000008d000000, 0x000000008d000000|100%| E|CS|TAMS 0x000000008cf00000| PB 0x000000008cf00000| Complete 
| 208|0x000000008d000000, 0x000000008d100000, 0x000000008d100000|100%| E|CS|TAMS 0x000000008d000000| PB 0x000000008d000000| Complete 
| 209|0x000000008d100000, 0x000000008d200000, 0x000000008d200000|100%| E|CS|TAMS 0x000000008d100000| PB 0x000000008d100000| Complete 
| 210|0x000000008d200000, 0x000000008d300000, 0x000000008d300000|100%| E|CS|TAMS 0x000000008d200000| PB 0x000000008d200000| Complete 
| 211|0x000000008d300000, 0x000000008d400000, 0x000000008d400000|100%| E|CS|TAMS 0x000000008d300000| PB 0x000000008d300000| Complete 
| 212|0x000000008d400000, 0x000000008d500000, 0x000000008d500000|100%| E|CS|TAMS 0x000000008d400000| PB 0x000000008d400000| Complete 
| 213|0x000000008d500000, 0x000000008d600000, 0x000000008d600000|100%| E|CS|TAMS 0x000000008d500000| PB 0x000000008d500000| Complete 
| 214|0x000000008d600000, 0x000000008d700000, 0x000000008d700000|100%| E|CS|TAMS 0x000000008d600000| PB 0x000000008d600000| Complete 
| 215|0x000000008d700000, 0x000000008d800000, 0x000000008d800000|100%| E|CS|TAMS 0x000000008d700000| PB 0x000000008d700000| Complete 
| 216|0x000000008d800000, 0x000000008d900000, 0x000000008d900000|100%| E|CS|TAMS 0x000000008d800000| PB 0x000000008d800000| Complete 
| 217|0x000000008d900000, 0x000000008da00000, 0x000000008da00000|100%| E|CS|TAMS 0x000000008d900000| PB 0x000000008d900000| Complete 
| 218|0x000000008da00000, 0x000000008db00000, 0x000000008db00000|100%| E|CS|TAMS 0x000000008da00000| PB 0x000000008da00000| Complete 
| 219|0x000000008db00000, 0x000000008dc00000, 0x000000008dc00000|100%| E|CS|TAMS 0x000000008db00000| PB 0x000000008db00000| Complete 
| 220|0x000000008dc00000, 0x000000008dd00000, 0x000000008dd00000|100%| E|CS|TAMS 0x000000008dc00000| PB 0x000000008dc00000| Complete 
| 221|0x000000008dd00000, 0x000000008de00000, 0x000000008de00000|100%| E|CS|TAMS 0x000000008dd00000| PB 0x000000008dd00000| Complete 
| 222|0x000000008de00000, 0x000000008df00000, 0x000000008df00000|100%| E|CS|TAMS 0x000000008de00000| PB 0x000000008de00000| Complete 
| 223|0x000000008df00000, 0x000000008e000000, 0x000000008e000000|100%| E|CS|TAMS 0x000000008df00000| PB 0x000000008df00000| Complete 
| 224|0x000000008e000000, 0x000000008e100000, 0x000000008e100000|100%| E|CS|TAMS 0x000000008e000000| PB 0x000000008e000000| Complete 
| 225|0x000000008e100000, 0x000000008e200000, 0x000000008e200000|100%| E|CS|TAMS 0x000000008e100000| PB 0x000000008e100000| Complete 
| 226|0x000000008e200000, 0x000000008e300000, 0x000000008e300000|100%| E|CS|TAMS 0x000000008e200000| PB 0x000000008e200000| Complete 
| 227|0x000000008e300000, 0x000000008e400000, 0x000000008e400000|100%| E|CS|TAMS 0x000000008e300000| PB 0x000000008e300000| Complete 
| 228|0x000000008e400000, 0x000000008e500000, 0x000000008e500000|100%| E|CS|TAMS 0x000000008e400000| PB 0x000000008e400000| Complete 
| 229|0x000000008e500000, 0x000000008e600000, 0x000000008e600000|100%| E|CS|TAMS 0x000000008e500000| PB 0x000000008e500000| Complete 
| 230|0x000000008e600000, 0x000000008e700000, 0x000000008e700000|100%| E|CS|TAMS 0x000000008e600000| PB 0x000000008e600000| Complete 
| 231|0x000000008e700000, 0x000000008e800000, 0x000000008e800000|100%| E|CS|TAMS 0x000000008e700000| PB 0x000000008e700000| Complete 
| 232|0x000000008e800000, 0x000000008e900000, 0x000000008e900000|100%| E|CS|TAMS 0x000000008e800000| PB 0x000000008e800000| Complete 
| 233|0x000000008e900000, 0x000000008ea00000, 0x000000008ea00000|100%| E|CS|TAMS 0x000000008e900000| PB 0x000000008e900000| Complete 
| 234|0x000000008ea00000, 0x000000008eb00000, 0x000000008eb00000|100%| E|CS|TAMS 0x000000008ea00000| PB 0x000000008ea00000| Complete 
| 235|0x000000008eb00000, 0x000000008ec00000, 0x000000008ec00000|100%| E|CS|TAMS 0x000000008eb00000| PB 0x000000008eb00000| Complete 
| 236|0x000000008ec00000, 0x000000008ed00000, 0x000000008ed00000|100%| E|CS|TAMS 0x000000008ec00000| PB 0x000000008ec00000| Complete 
| 237|0x000000008ed00000, 0x000000008ee00000, 0x000000008ee00000|100%| E|CS|TAMS 0x000000008ed00000| PB 0x000000008ed00000| Complete 
| 238|0x000000008ee00000, 0x000000008ef00000, 0x000000008ef00000|100%| E|CS|TAMS 0x000000008ee00000| PB 0x000000008ee00000| Complete 
| 239|0x000000008ef00000, 0x000000008f000000, 0x000000008f000000|100%| E|CS|TAMS 0x000000008ef00000| PB 0x000000008ef00000| Complete 
| 240|0x000000008f000000, 0x000000008f100000, 0x000000008f100000|100%| E|CS|TAMS 0x000000008f000000| PB 0x000000008f000000| Complete 
| 241|0x000000008f100000, 0x000000008f200000, 0x000000008f200000|100%| E|CS|TAMS 0x000000008f100000| PB 0x000000008f100000| Complete 
| 242|0x000000008f200000, 0x000000008f300000, 0x000000008f300000|100%| E|CS|TAMS 0x000000008f200000| PB 0x000000008f200000| Complete 
| 243|0x000000008f300000, 0x000000008f400000, 0x000000008f400000|100%| E|CS|TAMS 0x000000008f300000| PB 0x000000008f300000| Complete 
| 244|0x000000008f400000, 0x000000008f500000, 0x000000008f500000|100%| E|CS|TAMS 0x000000008f400000| PB 0x000000008f400000| Complete 
| 245|0x000000008f500000, 0x000000008f600000, 0x000000008f600000|100%| E|CS|TAMS 0x000000008f500000| PB 0x000000008f500000| Complete 
| 246|0x000000008f600000, 0x000000008f700000, 0x000000008f700000|100%| E|CS|TAMS 0x000000008f600000| PB 0x000000008f600000| Complete 
| 247|0x000000008f700000, 0x000000008f800000, 0x000000008f800000|100%| E|CS|TAMS 0x000000008f700000| PB 0x000000008f700000| Complete 
| 248|0x000000008f800000, 0x000000008f900000, 0x000000008f900000|100%| E|CS|TAMS 0x000000008f800000| PB 0x000000008f800000| Complete 
| 249|0x000000008f900000, 0x000000008fa00000, 0x000000008fa00000|100%| E|CS|TAMS 0x000000008f900000| PB 0x000000008f900000| Complete 
| 250|0x000000008fa00000, 0x000000008fb00000, 0x000000008fb00000|100%| E|CS|TAMS 0x000000008fa00000| PB 0x000000008fa00000| Complete 
| 251|0x000000008fb00000, 0x000000008fc00000, 0x000000008fc00000|100%| E|CS|TAMS 0x000000008fb00000| PB 0x000000008fb00000| Complete 
| 252|0x000000008fc00000, 0x000000008fd00000, 0x000000008fd00000|100%| E|CS|TAMS 0x000000008fc00000| PB 0x000000008fc00000| Complete 
| 253|0x000000008fd00000, 0x000000008fe00000, 0x000000008fe00000|100%| E|CS|TAMS 0x000000008fd00000| PB 0x000000008fd00000| Complete 

Card table byte_map: [0x0000019e99290000,0x0000019e99690000] _byte_map_base: 0x0000019e98e90000

Marking Bits: (CMBitMap*) 0x0000019e846ce4e0
 Bits: [0x0000019e99690000, 0x0000019e9b690000)

Polling page: 0x0000019e84d60000

Metaspace:

Usage:
  Non-class:     17.06 MB used.
      Class:      2.95 MB used.
       Both:     20.01 MB used.

Virtual space:
  Non-class space:       64.00 MB reserved,      17.44 MB ( 27%) committed,  1 nodes.
      Class space:      416.00 MB reserved,       3.25 MB ( <1%) committed,  1 nodes.
             Both:      480.00 MB reserved,      20.69 MB (  4%) committed. 

Chunk freelists:
   Non-Class:  14.61 MB
       Class:  12.79 MB
        Both:  27.38 MB

MaxMetaspaceSize: 512.00 MB
CompressedClassSpaceSize: 416.00 MB
Initial GC threshold: 21.00 MB
Current GC threshold: 21.00 MB
CDS: on
 - commit_granule_bytes: 65536.
 - commit_granule_words: 8192.
 - virtual_space_node_default_size: 8388608.
 - enlarge_chunks_in_place: 1.
 - use_allocation_guard: 0.


Internal statistics:

num_allocs_failed_limit: 0.
num_arena_births: 982.
num_arena_deaths: 0.
num_vsnodes_births: 2.
num_vsnodes_deaths: 0.
num_space_committed: 331.
num_space_uncommitted: 0.
num_chunks_returned_to_freelist: 0.
num_chunks_taken_from_freelist: 1786.
num_chunk_merges: 0.
num_chunk_splits: 1163.
num_chunks_enlarged: 778.
num_inconsistent_stats: 0.

CodeHeap 'non-profiled nmethods': size=120000Kb used=1661Kb max_used=1661Kb free=118338Kb
 bounds [0x0000019e90f00000, 0x0000019e91170000, 0x0000019e98430000]
CodeHeap 'profiled nmethods': size=120000Kb used=6128Kb max_used=6128Kb free=113871Kb
 bounds [0x0000019e89430000, 0x0000019e89a30000, 0x0000019e90960000]
CodeHeap 'non-nmethods': size=5760Kb used=1419Kb max_used=1500Kb free=4340Kb
 bounds [0x0000019e90960000, 0x0000019e90bd0000, 0x0000019e90f00000]
CodeCache: size=245760Kb, used=9208Kb, max_used=9289Kb, free=236549Kb
 total_blobs=3643, nmethods=3069, adapters=478, full_count=0
Compilation: enabled, stopped_count=0, restarted_count=0

Compilation events (20 events):
Event: 7.794 Thread 0x0000019e9e16d8f0 3051       3       org.objectweb.asm.Frame::pop (42 bytes)
Event: 7.795 Thread 0x0000019e9e16d8f0 nmethod 3051 0x0000019e89a16790 code [0x0000019e89a16940, 0x0000019e89a16af0]
Event: 7.796 Thread 0x0000019e9e16d8f0 3053       3       org.objectweb.asm.SymbolTable::addConstantClass (8 bytes)
Event: 7.796 Thread 0x0000019e9e16d8f0 nmethod 3053 0x0000019e89a16c10 code [0x0000019e89a16dc0, 0x0000019e89a16f08]
Event: 7.796 Thread 0x0000019e9e16d8f0 3054       3       java.lang.invoke.DirectMethodHandle$Holder::invokeStatic (24 bytes)
Event: 7.797 Thread 0x0000019e9e16d8f0 nmethod 3054 0x0000019e89a16f90 code [0x0000019e89a17160, 0x0000019e89a176d0]
Event: 7.801 Thread 0x0000019e9e16d8f0 3055       3       java.io.File::getName (42 bytes)
Event: 7.802 Thread 0x0000019e9e16d8f0 nmethod 3055 0x0000019e89a17810 code [0x0000019e89a17a60, 0x0000019e89a18270]
Event: 7.802 Thread 0x0000019e9e16d8f0 3056       1       java.util.ImmutableCollections$List12::isEmpty (2 bytes)
Event: 7.803 Thread 0x0000019e9e16d8f0 nmethod 3056 0x0000019e9108a990 code [0x0000019e9108ab20, 0x0000019e9108abe8]
Event: 7.804 Thread 0x0000019e9e16d8f0 3057       3       java.lang.invoke.LambdaFormEditor::makeArgumentCombinationForm (508 bytes)
Event: 7.808 Thread 0x0000019e9e16d8f0 nmethod 3057 0x0000019e89a18610 code [0x0000019e89a18a40, 0x0000019e89a1a8a8]
Event: 7.822 Thread 0x0000019e9e16d8f0 3058       3       java.lang.invoke.LambdaForm$Name::<init> (23 bytes)
Event: 7.823 Thread 0x0000019e9e16d8f0 nmethod 3058 0x0000019e89a1b990 code [0x0000019e89a1bbe0, 0x0000019e89a1c600]
Event: 8.364 Thread 0x0000019e9e16d8f0 3059       3       java.util.concurrent.locks.AbstractQueuedSynchronizer$ConditionObject::canReacquire (38 bytes)
Event: 8.365 Thread 0x0000019e9e16d8f0 nmethod 3059 0x0000019e89a1c990 code [0x0000019e89a1cb60, 0x0000019e89a1cea8]
Event: 8.596 Thread 0x0000019e9e16d8f0 3060       3       java.util.concurrent.locks.ReentrantLock$Sync::isHeldExclusively (16 bytes)
Event: 8.596 Thread 0x0000019e9e16d8f0 nmethod 3060 0x0000019e89a1d010 code [0x0000019e89a1d1c0, 0x0000019e89a1d350]
Event: 8.688 Thread 0x0000019e9e16d8f0 3061       3       java.util.stream.AbstractPipeline::<init> (55 bytes)
Event: 8.689 Thread 0x0000019e9e16d8f0 nmethod 3061 0x0000019e89a1d410 code [0x0000019e89a1d5c0, 0x0000019e89a1d898]

GC Heap History (6 events):
Event: 1.439 GC heap before
{Heap before GC invocations=0 (full 0):
 garbage-first heap   total 260096K, used 22528K [0x0000000080000000, 0x0000000100000000)
  region size 1024K, 23 young (23552K), 0 survivors (0K)
 Metaspace       used 1097K, committed 1216K, reserved 491520K
  class space    used 82K, committed 128K, reserved 425984K
}
Event: 1.445 GC heap after
{Heap after GC invocations=1 (full 0):
 garbage-first heap   total 260096K, used 4394K [0x0000000080000000, 0x0000000100000000)
  region size 1024K, 3 young (3072K), 3 survivors (3072K)
 Metaspace       used 1097K, committed 1216K, reserved 491520K
  class space    used 82K, committed 128K, reserved 425984K
}
Event: 2.944 GC heap before
{Heap before GC invocations=1 (full 0):
 garbage-first heap   total 260096K, used 41258K [0x0000000080000000, 0x0000000100000000)
  region size 1024K, 36 young (36864K), 3 survivors (3072K)
 Metaspace       used 4372K, committed 4544K, reserved 491520K
  class space    used 550K, committed 640K, reserved 425984K
}
Event: 2.950 GC heap after
{Heap after GC invocations=2 (full 0):
 garbage-first heap   total 260096K, used 11987K [0x0000000080000000, 0x0000000100000000)
  region size 1024K, 5 young (5120K), 5 survivors (5120K)
 Metaspace       used 4372K, committed 4544K, reserved 491520K
  class space    used 550K, committed 640K, reserved 425984K
}
Event: 4.258 GC heap before
{Heap before GC invocations=2 (full 0):
 garbage-first heap   total 260096K, used 60115K [0x0000000080000000, 0x0000000100000000)
  region size 1024K, 50 young (51200K), 5 survivors (5120K)
 Metaspace       used 5233K, committed 5440K, reserved 491520K
  class space    used 697K, committed 832K, reserved 425984K
}
Event: 4.265 GC heap after
{Heap after GC invocations=3 (full 0):
 garbage-first heap   total 260096K, used 17793K [0x0000000080000000, 0x0000000100000000)
  region size 1024K, 7 young (7168K), 7 survivors (7168K)
 Metaspace       used 5233K, committed 5440K, reserved 491520K
  class space    used 697K, committed 832K, reserved 425984K
}

Dll operation events (14 events):
Event: 0.091 Loaded shared library C:\Users\DELL LATITUDE 3390\.vscode\extensions\redhat.java-1.53.0-win32-x64\jre\21.0.10-win32-x86_64\bin\java.dll
Event: 0.266 Loaded shared library C:\Users\DELL LATITUDE 3390\.vscode\extensions\redhat.java-1.53.0-win32-x64\jre\21.0.10-win32-x86_64\bin\zip.dll
Event: 0.316 Loaded shared library C:\Users\DELL LATITUDE 3390\.vscode\extensions\redhat.java-1.53.0-win32-x64\jre\21.0.10-win32-x86_64\bin\instrument.dll
Event: 0.385 Loaded shared library C:\Users\DELL LATITUDE 3390\.vscode\extensions\redhat.java-1.53.0-win32-x64\jre\21.0.10-win32-x86_64\bin\net.dll
Event: 0.479 Loaded shared library C:\Users\DELL LATITUDE 3390\.vscode\extensions\redhat.java-1.53.0-win32-x64\jre\21.0.10-win32-x86_64\bin\nio.dll
Event: 0.488 Loaded shared library C:\Users\DELL LATITUDE 3390\.vscode\extensions\redhat.java-1.53.0-win32-x64\jre\21.0.10-win32-x86_64\bin\zip.dll
Event: 1.120 Loaded shared library C:\Users\DELL LATITUDE 3390\.vscode\extensions\redhat.java-1.53.0-win32-x64\jre\21.0.10-win32-x86_64\bin\jimage.dll
Event: 1.708 Loaded shared library C:\Users\DELL LATITUDE 3390\.vscode\extensions\redhat.java-1.53.0-win32-x64\jre\21.0.10-win32-x86_64\bin\verify.dll
Event: 2.050 Loaded shared library C:\Users\DELL LATITUDE 3390\.gradle\native\c067742578af261105cb4f569cf0c3c89f3d7b1fecec35dd04571415982c5e48\windows-amd64\native-platform.dll
Event: 2.066 Loaded shared library C:\Users\DELL LATITUDE 3390\.gradle\native\100fb08df4bc3b14c8652ba06237920a3bd2aa13389f12d3474272988ae205f9\windows-amd64\native-platform-file-events.dll
Event: 4.575 Loaded shared library C:\Users\DELL LATITUDE 3390\.vscode\extensions\redhat.java-1.53.0-win32-x64\jre\21.0.10-win32-x86_64\bin\management.dll
Event: 4.622 Loaded shared library C:\Users\DELL LATITUDE 3390\.vscode\extensions\redhat.java-1.53.0-win32-x64\jre\21.0.10-win32-x86_64\bin\management_ext.dll
Event: 5.002 Loaded shared library C:\Users\DELL LATITUDE 3390\.vscode\extensions\redhat.java-1.53.0-win32-x64\jre\21.0.10-win32-x86_64\bin\extnet.dll
Event: 5.289 Loaded shared library C:\Users\DELL LATITUDE 3390\.vscode\extensions\redhat.java-1.53.0-win32-x64\jre\21.0.10-win32-x86_64\bin\sunmscapi.dll

Deoptimization events (20 events):
Event: 6.393 Thread 0x0000019ebf295300 Uncommon trap: trap_request=0xffffffde fr.pc=0x0000019e90fdcf14 relative=0x0000000000000334
Event: 6.393 Thread 0x0000019ebf295300 Uncommon trap: reason=class_check action=maybe_recompile pc=0x0000019e90fdcf14 method=java.util.regex.Pattern$BmpCharPropertyGreedy.match(Ljava/util/regex/Matcher;ILjava/lang/CharSequence;)Z @ 26 c2
Event: 6.393 Thread 0x0000019ebf295300 DEOPT PACKING pc=0x0000019e90fdcf14 sp=0x00000080ff0fc100
Event: 6.393 Thread 0x0000019ebf295300 DEOPT UNPACKING pc=0x0000019e909b4422 sp=0x00000080ff0fc0b8 mode 2
Event: 6.562 Thread 0x0000019ebf295300 Uncommon trap: trap_request=0xffffff45 fr.pc=0x0000019e90f2aee8 relative=0x0000000000000d68
Event: 6.562 Thread 0x0000019ebf295300 Uncommon trap: reason=unstable_if action=reinterpret pc=0x0000019e90f2aee8 method=java.io.WinNTFileSystem.resolve(Ljava/lang/String;Ljava/lang/String;)Ljava/lang/String; @ 19 c2
Event: 6.562 Thread 0x0000019ebf295300 DEOPT PACKING pc=0x0000019e90f2aee8 sp=0x00000080ff0fb4a0
Event: 6.562 Thread 0x0000019ebf295300 DEOPT UNPACKING pc=0x0000019e909b4422 sp=0x00000080ff0fb438 mode 2
Event: 6.564 Thread 0x0000019ebf295300 Uncommon trap: trap_request=0xffffff45 fr.pc=0x0000019e90f9651c relative=0x00000000000006bc
Event: 6.564 Thread 0x0000019ebf295300 Uncommon trap: reason=unstable_if action=reinterpret pc=0x0000019e90f9651c method=java.io.File.getName()Ljava/lang/String; @ 16 c2
Event: 6.564 Thread 0x0000019ebf295300 DEOPT PACKING pc=0x0000019e90f9651c sp=0x00000080ff0fb460
Event: 6.564 Thread 0x0000019ebf295300 DEOPT UNPACKING pc=0x0000019e909b4422 sp=0x00000080ff0fb430 mode 2
Event: 6.672 Thread 0x0000019ebf295300 Uncommon trap: trap_request=0xffffff45 fr.pc=0x0000019e90f2d01c relative=0x00000000000000fc
Event: 6.672 Thread 0x0000019ebf295300 Uncommon trap: reason=unstable_if action=reinterpret pc=0x0000019e90f2d01c method=java.util.HashMap.hash(Ljava/lang/Object;)I @ 1 c2
Event: 6.672 Thread 0x0000019ebf295300 DEOPT PACKING pc=0x0000019e90f2d01c sp=0x00000080ff0fc4c0
Event: 6.672 Thread 0x0000019ebf295300 DEOPT UNPACKING pc=0x0000019e909b4422 sp=0x00000080ff0fc400 mode 2
Event: 7.695 Thread 0x0000019ebf295300 Uncommon trap: trap_request=0xffffff45 fr.pc=0x0000019e9106c71c relative=0x00000000000000fc
Event: 7.695 Thread 0x0000019ebf295300 Uncommon trap: reason=unstable_if action=reinterpret pc=0x0000019e9106c71c method=java.util.Arrays.equals([Ljava/lang/Object;[Ljava/lang/Object;)Z @ 44 c2
Event: 7.695 Thread 0x0000019ebf295300 DEOPT PACKING pc=0x0000019e9106c71c sp=0x00000080ff0fb5f0
Event: 7.695 Thread 0x0000019ebf295300 DEOPT UNPACKING pc=0x0000019e909b4422 sp=0x00000080ff0fb590 mode 2

Classes loaded (20 events):
Event: 7.145 Loading class java/io/ObjectInputStream
Event: 7.145 Loading class java/io/ObjectInput
Event: 7.145 Loading class java/io/ObjectInput done
Event: 7.145 Loading class java/io/ObjectStreamConstants
Event: 7.145 Loading class java/io/ObjectStreamConstants done
Event: 7.145 Loading class java/io/ObjectInputStream done
Event: 7.147 Loading class java/io/ObjectOutputStream
Event: 7.147 Loading class java/io/ObjectOutput
Event: 7.147 Loading class java/io/ObjectOutput done
Event: 7.147 Loading class java/io/ObjectOutputStream done
Event: 7.585 Loading class javax/xml/parsers/ParserConfigurationException
Event: 7.585 Loading class javax/xml/parsers/ParserConfigurationException done
Event: 7.585 Loading class org/xml/sax/SAXException
Event: 7.585 Loading class org/xml/sax/SAXException done
Event: 7.585 Loading class javax/xml/xpath/XPathExpressionException
Event: 7.585 Loading class javax/xml/xpath/XPathException
Event: 7.585 Loading class javax/xml/xpath/XPathException done
Event: 7.585 Loading class javax/xml/xpath/XPathExpressionException done
Event: 7.585 Loading class org/xml/sax/ErrorHandler
Event: 7.585 Loading class org/xml/sax/ErrorHandler done

Classes unloaded (0 events):
No events

Classes redefined (0 events):
No events

Internal exceptions (20 events):
Event: 6.694 Thread 0x0000019ebf295300 Exception <a 'java/lang/NoSuchMethodError'{0x000000008c290600}: 'int java.lang.invoke.DirectMethodHandle$Holder.invokeStatic(java.lang.Object, java.lang.Object, java.lang.Object, java.lang.Object)'> (0x000000008c290600) 
thrown [s\src\hotspot\share\interpreter\linkResolver.cpp, line 773]
Event: 6.760 Thread 0x0000019ebf295300 Exception <a 'java/lang/NoSuchMethodError'{0x000000008c0749d8}: 'java.lang.Object java.lang.invoke.DelegatingMethodHandle$Holder.reinvoke_L(java.lang.Object, java.lang.Object, java.lang.Object, java.lang.Object, java.lang.Object, java.lang.Object, java.lang.Object, java.lang.Object, java.lang.Object, java.lang.Object, java.lang.Object, java.lang.Object, java.lang.Object, java.lang.Object, java.lang.Object, java.lang.Object, java.lang.Object, java.lang.Object, java.lang.Object, java.lang.Object, java.lang.O
Event: 6.770 Thread 0x0000019ebf295300 Exception <a 'java/lang/NoSuchMethodError'{0x000000008c0e2478}: 'java.lang.Object java.lang.invoke.DirectMethodHandle$Holder.invokeStatic(java.lang.Object, java.lang.Object, java.lang.Object, java.lang.Object, java.lang.Object, java.lang.Object, java.lang.Object, java.lang.Object, java.lang.Object, java.lang.Object, java.lang.Object, java.lang.Object, java.lang.Object, java.lang.Object, java.lang.Object, java.lang.Object, java.lang.Object)'> (0x000000008c0e2478) 
thrown [s\src\hotspot\share\interpreter\lin
Event: 6.773 Thread 0x0000019ebf295300 Exception <a 'java/lang/NoSuchMethodError'{0x000000008bf0b470}: 'java.lang.Object java.lang.invoke.DirectMethodHandle$Holder.invokeStatic(java.lang.Object, java.lang.Object, java.lang.Object, java.lang.Object, java.lang.Object, java.lang.Object, java.lang.Object, java.lang.Object, java.lang.Object, java.lang.Object, java.lang.Object, java.lang.Object, java.lang.Object, java.lang.Object, java.lang.Object, java.lang.Object, java.lang.Object, java.lang.Object)'> (0x000000008bf0b470) 
thrown [s\src\hotspot\sha
Event: 6.776 Thread 0x0000019ebf295300 Exception <a 'java/lang/NoSuchMethodError'{0x000000008bf35538}: 'java.lang.Object java.lang.invoke.DirectMethodHandle$Holder.invokeStatic(java.lang.Object, java.lang.Object, java.lang.Object, java.lang.Object, java.lang.Object, java.lang.Object, java.lang.Object, java.lang.Object, java.lang.Object, java.lang.Object, java.lang.Object, java.lang.Object, java.lang.Object, java.lang.Object, java.lang.Object, java.lang.Object, java.lang.Object, java.lang.Object, java.lang.Object)'> (0x000000008bf35538) 
thrown 
Event: 6.780 Thread 0x0000019ebf295300 Exception <a 'java/lang/NoSuchMethodError'{0x000000008bf60a28}: 'java.lang.Object java.lang.invoke.DirectMethodHandle$Holder.invokeStatic(java.lang.Object, java.lang.Object, java.lang.Object, java.lang.Object, java.lang.Object, java.lang.Object, java.lang.Object, java.lang.Object, java.lang.Object, java.lang.Object, java.lang.Object, java.lang.Object, java.lang.Object, java.lang.Object, java.lang.Object, java.lang.Object, java.lang.Object, java.lang.Object, java.lang.Object, java.lang.Object)'> (0x00000000
Event: 6.784 Thread 0x0000019ebf295300 Exception <a 'java/lang/NoSuchMethodError'{0x000000008bf8d3a0}: 'java.lang.Object java.lang.invoke.DirectMethodHandle$Holder.invokeStatic(java.lang.Object, java.lang.Object, java.lang.Object, java.lang.Object, java.lang.Object, java.lang.Object, java.lang.Object, java.lang.Object, java.lang.Object, java.lang.Object, java.lang.Object, java.lang.Object, java.lang.Object, java.lang.Object, java.lang.Object, java.lang.Object, java.lang.Object, java.lang.Object, java.lang.Object, java.lang.Object, java.lang.Obj
Event: 6.788 Thread 0x0000019ebf295300 Exception <a 'java/lang/NoSuchMethodError'{0x000000008bfbab80}: 'java.lang.Object java.lang.invoke.DirectMethodHandle$Holder.invokeStatic(java.lang.Object, java.lang.Object, java.lang.Object, java.lang.Object, java.lang.Object, java.lang.Object, java.lang.Object, java.lang.Object, java.lang.Object, java.lang.Object, java.lang.Object, java.lang.Object, java.lang.Object, java.lang.Object, java.lang.Object, java.lang.Object, java.lang.Object, java.lang.Object, java.lang.Object, java.lang.Object, java.lang.Obj
Event: 6.791 Thread 0x0000019ebf295300 Exception <a 'java/lang/NoSuchMethodError'{0x000000008bfe8e78}: 'java.lang.Object java.lang.invoke.DirectMethodHandle$Holder.invokeStatic(java.lang.Object, java.lang.Object, java.lang.Object, java.lang.Object, java.lang.Object, java.lang.Object, java.lang.Object, java.lang.Object, java.lang.Object, java.lang.Object, java.lang.Object, java.lang.Object, java.lang.Object, java.lang.Object, java.lang.Object, java.lang.Object, java.lang.Object, java.lang.Object, java.lang.Object, java.lang.Object, java.lang.Obj
Event: 6.793 Thread 0x0000019ebf295300 Exception <a 'java/lang/NoSuchMethodError'{0x000000008be18300}: 'java.lang.Object java.lang.invoke.DirectMethodHandle$Holder.invokeStatic(java.lang.Object, java.lang.Object, java.lang.Object, java.lang.Object, java.lang.Object, java.lang.Object, java.lang.Object, java.lang.Object, java.lang.Object, java.lang.Object, java.lang.Object, java.lang.Object, java.lang.Object, java.lang.Object, java.lang.Object, java.lang.Object, java.lang.Object, java.lang.Object, java.lang.Object, java.lang.Object, java.lang.Obj
Event: 6.796 Thread 0x0000019ebf295300 Exception <a 'java/lang/NoSuchMethodError'{0x000000008be480e0}: 'java.lang.Object java.lang.invoke.DirectMethodHandle$Holder.invokeStatic(java.lang.Object, java.lang.Object, java.lang.Object, java.lang.Object, java.lang.Object, java.lang.Object, java.lang.Object, java.lang.Object, java.lang.Object, java.lang.Object, java.lang.Object, java.lang.Object, java.lang.Object, java.lang.Object, java.lang.Object, java.lang.Object, java.lang.Object, java.lang.Object, java.lang.Object, java.lang.Object, java.lang.Obj
Event: 6.798 Thread 0x0000019ebf295300 Exception <a 'java/lang/NoSuchMethodError'{0x000000008be79820}: 'java.lang.Object java.lang.invoke.DirectMethodHandle$Holder.invokeStatic(java.lang.Object, java.lang.Object, java.lang.Object, java.lang.Object, java.lang.Object, java.lang.Object, java.lang.Object, java.lang.Object, java.lang.Object, java.lang.Object, java.lang.Object, java.lang.Object, java.lang.Object, java.lang.Object, java.lang.Object, java.lang.Object, java.lang.Object, java.lang.Object, java.lang.Object, java.lang.Object, java.lang.Obj
Event: 7.120 Thread 0x0000019ebf295300 Exception <a 'java/lang/IncompatibleClassChangeError'{0x000000008b6eeff0}: Found class java.lang.Object, but interface was expected> (0x000000008b6eeff0) 
thrown [s\src\hotspot\share\interpreter\linkResolver.cpp, line 840]
Event: 7.127 Thread 0x0000019ebf295300 Exception <a 'java/lang/NoSuchMethodError'{0x000000008b51bab8}: 'java.lang.Object java.lang.invoke.DirectMethodHandle$Holder.newInvokeSpecial(java.lang.Object, java.lang.Object, java.lang.Object, java.lang.Object, java.lang.Object, java.lang.Object, java.lang.Object, java.lang.Object, java.lang.Object, java.lang.Object)'> (0x000000008b51bab8) 
thrown [s\src\hotspot\share\interpreter\linkResolver.cpp, line 773]
Event: 7.160 Thread 0x0000019ebf295300 Exception <a 'java/lang/NoSuchMethodError'{0x000000008b436490}: 'java.lang.Object java.lang.invoke.DirectMethodHandle$Holder.newInvokeSpecial(java.lang.Object, java.lang.Object, java.lang.Object, java.lang.Object, java.lang.Object, java.lang.Object, java.lang.Object, java.lang.Object)'> (0x000000008b436490) 
thrown [s\src\hotspot\share\interpreter\linkResolver.cpp, line 773]
Event: 7.179 Thread 0x0000019ebf295300 Exception <a 'java/lang/NoSuchMethodError'{0x000000008b4ba580}: 'int java.lang.invoke.DirectMethodHandle$Holder.invokeStaticInit(java.lang.Object, java.lang.Object, java.lang.Object)'> (0x000000008b4ba580) 
thrown [s\src\hotspot\share\interpreter\linkResolver.cpp, line 773]
Event: 7.400 Thread 0x0000019ebf295300 Exception <a 'java/lang/NoSuchMethodError'{0x000000008ae3bca8}: 'java.lang.Object java.lang.invoke.DirectMethodHandle$Holder.invokeVirtual(java.lang.Object, java.lang.Object, java.lang.Object, java.lang.Object, java.lang.Object, java.lang.Object, java.lang.Object, java.lang.Object, java.lang.Object, java.lang.Object, java.lang.Object, java.lang.Object, java.lang.Object, java.lang.Object, java.lang.Object, java.lang.Object, java.lang.Object, java.lang.Object, java.lang.Object, java.lang.Object, java.lang.Ob
Event: 7.417 Thread 0x0000019ebf295300 Exception <a 'java/lang/NoSuchMethodError'{0x000000008aeaffd0}: 'java.lang.Object java.lang.invoke.DirectMethodHandle$Holder.invokeSpecial(java.lang.Object, java.lang.Object, java.lang.Object, java.lang.Object, java.lang.Object, java.lang.Object, java.lang.Object, java.lang.Object, java.lang.Object, java.lang.Object, java.lang.Object, java.lang.Object, java.lang.Object, java.lang.Object, java.lang.Object, java.lang.Object, java.lang.Object, java.lang.Object, java.lang.Object, java.lang.Object, java.lang.Ob
Event: 7.714 Thread 0x0000019ebf295300 Exception <a 'java/lang/NoSuchMethodError'{0x000000008a502f10}: 'java.lang.Object java.lang.invoke.DirectMethodHandle$Holder.newInvokeSpecial(java.lang.Object, java.lang.Object, java.lang.Object, java.lang.Object, java.lang.Object, java.lang.Object, java.lang.Object)'> (0x000000008a502f10) 
thrown [s\src\hotspot\share\interpreter\linkResolver.cpp, line 773]
Event: 7.772 Thread 0x0000019ebf295300 Exception <a 'java/lang/NoSuchMethodError'{0x000000008a4bfd98}: 'java.lang.Object java.lang.invoke.DirectMethodHandle$Holder.invokeVirtual(java.lang.Object, java.lang.Object, java.lang.Object, java.lang.Object, java.lang.Object, java.lang.Object, java.lang.Object, java.lang.Object, java.lang.Object, java.lang.Object, java.lang.Object)'> (0x000000008a4bfd98) 
thrown [s\src\hotspot\share\interpreter\linkResolver.cpp, line 773]

ZGC Phase Switch (0 events):
No events

VM Operations (20 events):
Event: 4.831 Executing non-safepoint VM operation: HandshakeAllThreads (Deoptimize)
Event: 4.831 Executing non-safepoint VM operation: HandshakeAllThreads (Deoptimize) done
Event: 4.915 Executing non-safepoint VM operation: HandshakeAllThreads (Deoptimize)
Event: 4.915 Executing non-safepoint VM operation: HandshakeAllThreads (Deoptimize) done
Event: 5.296 Executing non-safepoint VM operation: HandshakeAllThreads (Deoptimize)
Event: 5.296 Executing non-safepoint VM operation: HandshakeAllThreads (Deoptimize) done
Event: 5.296 Executing safepoint VM operation: Cleanup
Event: 5.296 Executing safepoint VM operation: Cleanup done
Event: 6.021 Executing non-safepoint VM operation: HandshakeAllThreads (Deoptimize)
Event: 6.021 Executing non-safepoint VM operation: HandshakeAllThreads (Deoptimize) done
Event: 6.425 Executing non-safepoint VM operation: HandshakeAllThreads (Deoptimize)
Event: 6.425 Executing non-safepoint VM operation: HandshakeAllThreads (Deoptimize) done
Event: 6.426 Executing safepoint VM operation: Cleanup
Event: 6.426 Executing safepoint VM operation: Cleanup done
Event: 6.810 Executing non-safepoint VM operation: HandshakeAllThreads (Deoptimize)
Event: 6.810 Executing non-safepoint VM operation: HandshakeAllThreads (Deoptimize) done
Event: 6.811 Executing non-safepoint VM operation: HandshakeAllThreads (Deoptimize)
Event: 6.811 Executing non-safepoint VM operation: HandshakeAllThreads (Deoptimize) done
Event: 7.823 Executing safepoint VM operation: Cleanup
Event: 7.824 Executing safepoint VM operation: Cleanup done

Memory protections (0 events):
No events

Nmethod flushes (0 events):
No events

Events (20 events):
Event: 3.956 Thread 0x0000019e9e16d8f0 Thread added: 0x0000019ebee47620
Event: 4.628 Thread 0x0000019ebee47620 Thread exited: 0x0000019ebee47620
Event: 4.676 Thread 0x0000019e8460d010 Thread added: 0x0000019ebf0f5100
Event: 5.057 Thread 0x0000019e8460d010 Thread added: 0x0000019ebe7fb630
Event: 5.076 Thread 0x0000019e9e166c30 Thread added: 0x0000019ebe4fab50
Event: 5.214 Thread 0x0000019e8460d010 Thread added: 0x0000019ebf23fa50
Event: 5.475 Thread 0x0000019ebe4fab50 Thread exited: 0x0000019ebe4fab50
Event: 5.487 Thread 0x0000019ebe7fb630 Thread added: 0x0000019ebe408150
Event: 5.492 Thread 0x0000019ebe408150 Thread added: 0x0000019ebf21b040
Event: 5.566 Thread 0x0000019ebe408150 Thread added: 0x0000019ebf373060
Event: 5.575 Thread 0x0000019ebe408150 Thread added: 0x0000019ebf295300
Event: 5.601 Thread 0x0000019ebf295300 Thread added: 0x0000019ebf292ba0
Event: 5.607 Thread 0x0000019ebf295300 Thread added: 0x0000019ebf2938c0
Event: 5.611 Thread 0x0000019ebf295300 Thread added: 0x0000019ebf295990
Event: 6.130 Thread 0x0000019e9e166c30 Thread added: 0x0000019e9e315400
Event: 6.426 Thread 0x0000019ebf295300 Thread added: 0x0000019ebf293f50
Event: 6.442 Thread 0x0000019ebf295300 Thread added: 0x0000019ebf2945e0
Event: 6.471 Thread 0x0000019e9e315400 Thread exited: 0x0000019e9e315400
Event: 6.493 Thread 0x0000019ebf295300 Thread added: 0x0000019ebf294c70
Event: 6.531 Thread 0x0000019e9e16d8f0 Thread added: 0x0000019ebe71be10


Dynamic libraries:
0x00007ff60e1e0000 - 0x00007ff60e1ee000 	C:\Users\DELL LATITUDE 3390\.vscode\extensions\redhat.java-1.53.0-win32-x64\jre\21.0.10-win32-x86_64\bin\java.exe
0x00007fffbf420000 - 0x00007fffbf688000 	C:\WINDOWS\SYSTEM32\ntdll.dll
0x00007fffbe0b0000 - 0x00007fffbe179000 	C:\WINDOWS\System32\KERNEL32.DLL
0x00007fffbcdc0000 - 0x00007fffbd1b1000 	C:\WINDOWS\System32\KERNELBASE.dll
0x00007fffbc920000 - 0x00007fffbca6b000 	C:\WINDOWS\System32\ucrtbase.dll
0x00007fffb6250000 - 0x00007fffb6268000 	C:\Users\DELL LATITUDE 3390\.vscode\extensions\redhat.java-1.53.0-win32-x64\jre\21.0.10-win32-x86_64\bin\jli.dll
0x00007fffbdc60000 - 0x00007fffbde26000 	C:\WINDOWS\System32\USER32.dll
0x00007fffbcd90000 - 0x00007fffbcdb7000 	C:\WINDOWS\System32\win32u.dll
0x00007fffa8710000 - 0x00007fffa89a3000 	C:\WINDOWS\WinSxS\amd64_microsoft.windows.common-controls_6595b64144ccf1df_6.0.26100.7824_none_3e0870b2e3345462\COMCTL32.dll
0x00007fffbd1c0000 - 0x00007fffbd1eb000 	C:\WINDOWS\System32\GDI32.dll
0x00007fffbd780000 - 0x00007fffbd829000 	C:\WINDOWS\System32\msvcrt.dll
0x00007fffbcb20000 - 0x00007fffbcc4b000 	C:\WINDOWS\System32\gdi32full.dll
0x00007fffb6980000 - 0x00007fffb699e000 	C:\Users\DELL LATITUDE 3390\.vscode\extensions\redhat.java-1.53.0-win32-x64\jre\21.0.10-win32-x86_64\bin\VCRUNTIME140.dll
0x00007fffbca70000 - 0x00007fffbcb13000 	C:\WINDOWS\System32\msvcp_win.dll
0x00007fffbe260000 - 0x00007fffbe291000 	C:\WINDOWS\System32\IMM32.DLL
0x00007fffb8f50000 - 0x00007fffb8f5c000 	C:\Users\DELL LATITUDE 3390\.vscode\extensions\redhat.java-1.53.0-win32-x64\jre\21.0.10-win32-x86_64\bin\vcruntime140_1.dll
0x00007fff95ca0000 - 0x00007fff95d2d000 	C:\Users\DELL LATITUDE 3390\.vscode\extensions\redhat.java-1.53.0-win32-x64\jre\21.0.10-win32-x86_64\bin\msvcp140.dll
0x00007fff16fe0000 - 0x00007fff17d81000 	C:\Users\DELL LATITUDE 3390\.vscode\extensions\redhat.java-1.53.0-win32-x64\jre\21.0.10-win32-x86_64\bin\server\jvm.dll
0x00007fffbec70000 - 0x00007fffbed24000 	C:\WINDOWS\System32\ADVAPI32.dll
0x00007fffbdf40000 - 0x00007fffbdfe6000 	C:\WINDOWS\System32\sechost.dll
0x00007fffbed30000 - 0x00007fffbee48000 	C:\WINDOWS\System32\RPCRT4.dll
0x00007fffbd950000 - 0x00007fffbd9c4000 	C:\WINDOWS\System32\WS2_32.dll
0x00007fffa89b0000 - 0x00007fffa89e5000 	C:\WINDOWS\SYSTEM32\WINMM.dll
0x00007fffbbb80000 - 0x00007fffbbbde000 	C:\WINDOWS\SYSTEM32\POWRPROF.dll
0x00007fffb7080000 - 0x00007fffb708b000 	C:\WINDOWS\SYSTEM32\VERSION.dll
0x00007fffbbb60000 - 0x00007fffbbb74000 	C:\WINDOWS\SYSTEM32\UMPDC.dll
0x00007fffbaa60000 - 0x00007fffbaa7b000 	C:\WINDOWS\SYSTEM32\kernel.appcore.dll
0x00007fffb6af0000 - 0x00007fffb6afa000 	C:\Users\DELL LATITUDE 3390\.vscode\extensions\redhat.java-1.53.0-win32-x64\jre\21.0.10-win32-x86_64\bin\jimage.dll
0x00007fffb9d70000 - 0x00007fffb9fb2000 	C:\WINDOWS\SYSTEM32\DBGHELP.DLL
0x00007fffbee50000 - 0x00007fffbf1d6000 	C:\WINDOWS\System32\combase.dll
0x00007fffbe180000 - 0x00007fffbe257000 	C:\WINDOWS\System32\OLEAUT32.dll
0x00007fffa7980000 - 0x00007fffa79bb000 	C:\WINDOWS\SYSTEM32\dbgcore.DLL
0x00007fffbcc50000 - 0x00007fffbccf5000 	C:\WINDOWS\System32\bcryptPrimitives.dll
0x00007fffad660000 - 0x00007fffad66f000 	C:\Users\DELL LATITUDE 3390\.vscode\extensions\redhat.java-1.53.0-win32-x64\jre\21.0.10-win32-x86_64\bin\instrument.dll
0x00007fffad670000 - 0x00007fffad690000 	C:\Users\DELL LATITUDE 3390\.vscode\extensions\redhat.java-1.53.0-win32-x64\jre\21.0.10-win32-x86_64\bin\java.dll
0x00007fffbe510000 - 0x00007fffbec62000 	C:\WINDOWS\System32\SHELL32.dll
0x00007fffbc6f0000 - 0x00007fffbc85a000 	C:\WINDOWS\System32\wintypes.dll
0x00007fffbbd00000 - 0x00007fffbc563000 	C:\WINDOWS\System32\windows.storage.dll
0x00007fffbd850000 - 0x00007fffbd946000 	C:\WINDOWS\System32\SHCORE.dll
0x00007fffbe2a0000 - 0x00007fffbe307000 	C:\WINDOWS\System32\shlwapi.dll
0x00007fffbbc20000 - 0x00007fffbbc49000 	C:\WINDOWS\SYSTEM32\profapi.dll
0x00007fff98cf0000 - 0x00007fff98d08000 	C:\Users\DELL LATITUDE 3390\.vscode\extensions\redhat.java-1.53.0-win32-x64\jre\21.0.10-win32-x86_64\bin\zip.dll
0x00007fffae740000 - 0x00007fffae750000 	C:\Users\DELL LATITUDE 3390\.vscode\extensions\redhat.java-1.53.0-win32-x64\jre\21.0.10-win32-x86_64\bin\net.dll
0x00007fffaf2e0000 - 0x00007fffaf407000 	C:\WINDOWS\SYSTEM32\WINHTTP.dll
0x00007fffbafb0000 - 0x00007fffbb01b000 	C:\WINDOWS\system32\mswsock.dll
0x00007fff97310000 - 0x00007fff97326000 	C:\Users\DELL LATITUDE 3390\.vscode\extensions\redhat.java-1.53.0-win32-x64\jre\21.0.10-win32-x86_64\bin\nio.dll
0x00007fffad5a0000 - 0x00007fffad5b0000 	C:\Users\DELL LATITUDE 3390\.vscode\extensions\redhat.java-1.53.0-win32-x64\jre\21.0.10-win32-x86_64\bin\verify.dll
0x00007fff8b1e0000 - 0x00007fff8b207000 	C:\Users\DELL LATITUDE 3390\.gradle\native\c067742578af261105cb4f569cf0c3c89f3d7b1fecec35dd04571415982c5e48\windows-amd64\native-platform.dll
0x00007fff47a00000 - 0x00007fff47b44000 	C:\Users\DELL LATITUDE 3390\.gradle\native\100fb08df4bc3b14c8652ba06237920a3bd2aa13389f12d3474272988ae205f9\windows-amd64\native-platform-file-events.dll
0x00007fffad970000 - 0x00007fffad97a000 	C:\Users\DELL LATITUDE 3390\.vscode\extensions\redhat.java-1.53.0-win32-x64\jre\21.0.10-win32-x86_64\bin\management.dll
0x00007fffad800000 - 0x00007fffad80c000 	C:\Users\DELL LATITUDE 3390\.vscode\extensions\redhat.java-1.53.0-win32-x64\jre\21.0.10-win32-x86_64\bin\management_ext.dll
0x00007fffbe310000 - 0x00007fffbe318000 	C:\WINDOWS\System32\PSAPI.DLL
0x00007fffbb3a0000 - 0x00007fffbb3bb000 	C:\WINDOWS\SYSTEM32\CRYPTSP.dll
0x00007fffba9c0000 - 0x00007fffba9f9000 	C:\WINDOWS\system32\rsaenh.dll
0x00007fffbb060000 - 0x00007fffbb08b000 	C:\WINDOWS\SYSTEM32\USERENV.dll
0x00007fffbbbf0000 - 0x00007fffbbc1a000 	C:\WINDOWS\SYSTEM32\bcrypt.dll
0x00007fffbb200000 - 0x00007fffbb20c000 	C:\WINDOWS\SYSTEM32\CRYPTBASE.dll
0x00007fffba460000 - 0x00007fffba494000 	C:\WINDOWS\SYSTEM32\IPHLPAPI.DLL
0x00007fffbd710000 - 0x00007fffbd71a000 	C:\WINDOWS\System32\NSI.dll
0x00007fffad6c0000 - 0x00007fffad6c9000 	C:\Users\DELL LATITUDE 3390\.vscode\extensions\redhat.java-1.53.0-win32-x64\jre\21.0.10-win32-x86_64\bin\extnet.dll
0x00007fffad7b0000 - 0x00007fffad7be000 	C:\Users\DELL LATITUDE 3390\.vscode\extensions\redhat.java-1.53.0-win32-x64\jre\21.0.10-win32-x86_64\bin\sunmscapi.dll
0x00007fffbc570000 - 0x00007fffbc6e7000 	C:\WINDOWS\System32\CRYPT32.dll
0x00007fffbb500000 - 0x00007fffbb530000 	C:\WINDOWS\SYSTEM32\ncrypt.dll
0x00007fffbb4b0000 - 0x00007fffbb4ef000 	C:\WINDOWS\SYSTEM32\NTASN1.dll
0x00007fffa91d0000 - 0x00007fffa91d8000 	C:\WINDOWS\system32\wshunix.dll

JVMTI agents:
C:\Users\DELL LATITUDE 3390\.gradle\wrapper\dists\gradle-8.10-all\3ym48ijgw9iixtry4iwty4ydy\gradle-8.10\lib\agents\gradle-instrumentation-agent-8.10.jar path:C:\Users\DELL LATITUDE 3390\.vscode\extensions\redhat.java-1.53.0-win32-x64\jre\21.0.10-win32-x86_64\bin\instrument.dll, loaded, initialized, instrumentlib options:none

dbghelp: loaded successfully - version: 4.0.5 - missing functions: none
symbol engine: initialized successfully - sym options: 0x614 - pdb path: .;C:\Users\DELL LATITUDE 3390\.vscode\extensions\redhat.java-1.53.0-win32-x64\jre\21.0.10-win32-x86_64\bin;C:\WINDOWS\SYSTEM32;C:\WINDOWS\WinSxS\amd64_microsoft.windows.common-controls_6595b64144ccf1df_6.0.26100.7824_none_3e0870b2e3345462;C:\Users\DELL LATITUDE 3390\.vscode\extensions\redhat.java-1.53.0-win32-x64\jre\21.0.10-win32-x86_64\bin\server;C:\Users\DELL LATITUDE 3390\.gradle\native\c067742578af261105cb4f569cf0c3c89f3d7b1fecec35dd04571415982c5e48\windows-amd64;C:\Users\DELL LATITUDE 3390\.gradle\native\100fb08df4bc3b14c8652ba06237920a3bd2aa13389f12d3474272988ae205f9\windows-amd64

VM Arguments:
jvm_args: -XX:MaxMetaspaceSize=512m -XX:+HeapDumpOnOutOfMemoryError --add-opens=java.base/java.util=ALL-UNNAMED --add-opens=java.base/java.lang=ALL-UNNAMED --add-opens=java.base/java.lang.invoke=ALL-UNNAMED --add-opens=java.prefs/java.util.prefs=ALL-UNNAMED --add-exports=jdk.compiler/com.sun.tools.javac.api=ALL-UNNAMED --add-exports=jdk.compiler/com.sun.tools.javac.util=ALL-UNNAMED --add-opens=java.base/java.nio.charset=ALL-UNNAMED --add-opens=java.base/java.net=ALL-UNNAMED --add-opens=java.base/java.util.concurrent.atomic=ALL-UNNAMED -Xmx2g -Dfile.encoding=utf8 -Duser.country=US -Duser.language=en -Duser.variant -javaagent:C:\Users\DELL LATITUDE 3390\.gradle\wrapper\dists\gradle-8.10-all\3ym48ijgw9iixtry4iwty4ydy\gradle-8.10\lib\agents\gradle-instrumentation-agent-8.10.jar 
java_command: org.gradle.launcher.daemon.bootstrap.GradleDaemon 8.10
java_class_path (initial): C:\Users\DELL LATITUDE 3390\.gradle\wrapper\dists\gradle-8.10-all\3ym48ijgw9iixtry4iwty4ydy\gradle-8.10\lib\gradle-daemon-main-8.10.jar
Launcher Type: SUN_STANDARD

[Global flags]
     intx CICompilerCount                          = 4                                         {product} {ergonomic}
   size_t CompressedClassSpaceSize                 = 436207616                                 {product} {ergonomic}
     uint ConcGCThreads                            = 2                                         {product} {ergonomic}
     uint G1ConcRefinementThreads                  = 8                                         {product} {ergonomic}
   size_t G1HeapRegionSize                         = 1048576                                   {product} {ergonomic}
    uintx GCDrainStackTargetSize                   = 64                                        {product} {ergonomic}
     bool HeapDumpOnOutOfMemoryError               = true                                   {manageable} {command line}
   size_t InitialHeapSize                          = 266338304                                 {product} {ergonomic}
   size_t MarkStackSize                            = 4194304                                   {product} {ergonomic}
   size_t MaxHeapSize                              = 2147483648                                {product} {command line}
   size_t MaxMetaspaceSize                         = 536870912                                 {product} {command line}
   size_t MaxNewSize                               = 1287651328                                {product} {ergonomic}
   size_t MinHeapDeltaBytes                        = 1048576                                   {product} {ergonomic}
   size_t MinHeapSize                              = 8388608                                   {product} {ergonomic}
    uintx NonNMethodCodeHeapSize                   = 5839372                                {pd product} {ergonomic}
    uintx NonProfiledCodeHeapSize                  = 122909434                              {pd product} {ergonomic}
    uintx ProfiledCodeHeapSize                     = 122909434                              {pd product} {ergonomic}
    uintx ReservedCodeCacheSize                    = 251658240                              {pd product} {ergonomic}
     bool SegmentedCodeCache                       = true                                      {product} {ergonomic}
   size_t SoftMaxHeapSize                          = 2147483648                             {manageable} {ergonomic}
     bool UseCompressedOops                        = true                           {product lp64_product} {ergonomic}
     bool UseG1GC                                  = true                                      {product} {ergonomic}
     bool UseLargePagesIndividualAllocation        = false                                  {pd product} {ergonomic}

Logging:
Log output configuration:
 #0: stdout all=warning uptime,level,tags foldmultilines=false
 #1: stderr all=off uptime,level,tags foldmultilines=false

Release file:
JAVA_VERSION="21.0.10" 
MODULES="java.base java.compiler java.datatransfer java.xml java.prefs java.desktop java.instrument java.logging java.management java.security.sasl java.naming java.rmi java.management.rmi java.net.http java.scripting java.security.jgss java.transaction.xa java.sql java.sql.rowset java.xml.crypto java.se java.smartcardio jdk.accessibility jdk.internal.jvmstat jdk.attach jdk.charsets jdk.internal.opt jdk.zipfs jdk.compiler jdk.crypto.ec jdk.crypto.cryptoki jdk.crypto.mscapi jdk.dynalink jdk.internal.ed jdk.editpad jdk.hotspot.agent jdk.httpserver jdk.internal.le jdk.internal.vm.ci jdk.internal.vm.compiler jdk.internal.vm.compiler.management jdk.jartool jdk.javadoc jdk.jcmd jdk.management jdk.management.agent jdk.jconsole jdk.jdeps jdk.jdwp.agent jdk.jdi jdk.jfr jdk.jshell jdk.jsobject jdk.jstatd jdk.localedata jdk.management.jfr jdk.naming.dns jdk.naming.rmi jdk.net jdk.nio.mapmode jdk.random jdk.sctp jdk.security.auth jdk.security.jgss jdk.unsupported jdk.unsupported.desktop jdk.xml.dom" 

Environment Variables:
JAVA_HOME=C:\Program Files\Java\jdk-17
PATH=C:\Program Files (x86)\NVIDIA Corporation\PhysX\Common;C:\Program Files\Common Files\Oracle\Java\javapath;C:\WINDOWS\system32;C:\WINDOWS;C:\WINDOWS\System32\Wbem;C:\WINDOWS\System32\WindowsPowerShell\v1.0\;C:\WINDOWS\System32\OpenSSH\;C:\Program Files\MATLAB\R2024a\runtime\win64;C:\Program Files\MATLAB\R2024a\bin;C:\Program Files\Java\jdk-17\bin;C:\Program Files\nodejs\;C:\Program Files\Git\cmd;C:\Program Files (x86)\Windows Kits\10\Windows Performance Toolkit\;C:\Users\DELL LATITUDE 3390\AppData\Local\Programs\Python\Python313\;C:\Users\DELL LATITUDE 3390\AppData\Local\Programs\Python\Python313\Scripts;C:\Program Files (x86)\Windows Kits\8.1\Windows Performance Toolkit\;C:\Users\DELL LATITUDE 3390\AppData\Local\Programs\Python\Python313\Scripts\;C:\Users\DELL LATITUDE 3390\AppData\Local\Programs\Python\Python313\;C:\Users\DELL LATITUDE 3390\AppData\Local\Programs\Python\Launcher\;C:\Users\DELL LATITUDE 3390\AppData\Local\Microsoft\WindowsApps;C:\Users\DELL LATITUDE 3390\AppData\Local\Programs\Microsoft VS Code\bin;C:\Users\DELL LATITUDE 3390\AppData\Roaming\npm;C:\Users\DELL LATITUDE 3390\AppData\Local\GitHubDesktop\bin;C:\Devtools\My_Flutter_Projects\flutter\bin;C:\Users\DELL LATITUDE 3390\Downloads\jdk-17.0.15_windows-x64_bin.exe;C:\Program Files\Java\jdk-17\bin;C:\Program Files\JetBrains\PyCharm 2025.2.0.1\bin;C:\MinGW\bin;
USERNAME=DELL LATITUDE 3390
OS=Windows_NT
PROCESSOR_IDENTIFIER=Intel64 Family 6 Model 142 Stepping 10, GenuineIntel
TMP=C:\Users\DELLLA~1\AppData\Local\Temp
TEMP=C:\Users\DELLLA~1\AppData\Local\Temp




Periodic native trim disabled

---------------  S Y S T E M  ---------------

OS:
 Windows 11 , 64 bit Build 26100 (10.0.26100.7705)
OS uptime: 1 days 14:16 hours
Hyper-V role detected

CPU: total 8 (initial active 8) (4 cores per cpu, 2 threads per core) family 6 model 142 stepping 10 microcode 0xf6, cx8, cmov, fxsr, ht, mmx, 3dnowpref, sse, sse2, sse3, ssse3, sse4.1, sse4.2, popcnt, lzcnt, tsc, tscinvbit, avx, avx2, aes, erms, clmul, bmi1, bmi2, adx, fma, vzeroupper, clflush, clflushopt, hv, rdtscp, f16c
Processor Information for the first 8 processors :
  Max Mhz: 1800, Current Mhz: 1600, Mhz Limit: 1584

Memory: 4k page, system-wide physical 16250M (2113M free)
TotalPageFile size 27722M (AvailPageFile size 21M)
current process WorkingSet (physical memory assigned to process): 243M, peak: 248M
current process commit charge ("private bytes"): 434M, peak: 443M

vm_info: OpenJDK 64-Bit Server VM (21.0.10+7-LTS) for windows-amd64 JRE (21.0.10+7-LTS), built on 2026-01-20T00:00:00Z by "admin" with MS VC++ 17.12 (VS2022)

END.
